<?xml version="1.0" encoding="UTF-8"?>
<testsuites>
  <testsuite name="C:\project_nigs-dist8\DormSys Project\phpunit.xml" tests="1785" assertions="4914" errors="10" failures="0" skipped="4" time="313.923588">
    <testsuite name="Unit" tests="230" assertions="485" errors="0" failures="0" skipped="4" time="12.396807">
      <testsuite name="Tests\Unit\ExampleTest" file="Example (Tests\Unit\Example)" tests="1" assertions="1" errors="0" failures="0" skipped="0" time="0.009720">
        <testcase name="Support kernel base model is available" file="Example (Tests\Unit\Example)::Support kernel base model is available" class="Tests\Unit\ExampleTest" classname="Tests.Unit.ExampleTest" assertions="1" time="0.009720"/>
      </testsuite>
      <testsuite name="Tests\Unit\Modules\Allocation\Application\ReleaseAllocationTest" file="Release Allocation (Tests\Unit\Modules\Allocation\Application\ReleaseAllocation)" tests="4" assertions="6" errors="0" failures="0" skipped="0" time="3.118426">
        <testcase name="It rejects release when allocation is not found" file="Release Allocation (Tests\Unit\Modules\Allocation\Application\ReleaseAllocation)::It rejects release when allocation is not found" class="Tests\Unit\Modules\Allocation\Application\ReleaseAllocationTest" classname="Tests.Unit.Modules.Allocation.Application.ReleaseAllocationTest" assertions="1" time="2.376495"/>
        <testcase name="It rejects release when allocation is already released" file="Release Allocation (Tests\Unit\Modules\Allocation\Application\ReleaseAllocation)::It rejects release when allocation is already released" class="Tests\Unit\Modules\Allocation\Application\ReleaseAllocationTest" classname="Tests.Unit.Modules.Allocation.Application.ReleaseAllocationTest" assertions="1" time="0.291240"/>
        <testcase name="It rejects release when reason is blank on active allocation" file="Release Allocation (Tests\Unit\Modules\Allocation\Application\ReleaseAllocation)::It rejects release when reason is blank on active allocation" class="Tests\Unit\Modules\Allocation\Application\ReleaseAllocationTest" classname="Tests.Unit.Modules.Allocation.Application.ReleaseAllocationTest" assertions="1" time="0.171523"/>
        <testcase name="It rejects blank reason before persisting release" file="Release Allocation (Tests\Unit\Modules\Allocation\Application\ReleaseAllocation)::It rejects blank reason before persisting release" class="Tests\Unit\Modules\Allocation\Application\ReleaseAllocationTest" classname="Tests.Unit.Modules.Allocation.Application.ReleaseAllocationTest" assertions="3" time="0.279168"/>
      </testsuite>
      <testsuite name="Tests\Unit\Modules\Allocation\Domain\AllocationOverlapTest" file="Allocation Overlap (Tests\Unit\Modules\Allocation\Domain\AllocationOverlap)" tests="3" assertions="7" errors="0" failures="0" skipped="0" time="1.098083">
        <testcase name="It allows non overlapping assignments for the same person" file="Allocation Overlap (Tests\Unit\Modules\Allocation\Domain\AllocationOverlap)::It allows non overlapping assignments for the same person" class="Tests\Unit\Modules\Allocation\Domain\AllocationOverlapTest" classname="Tests.Unit.Modules.Allocation.Domain.AllocationOverlapTest" assertions="4" time="0.261888"/>
        <testcase name="It rejects overlapping assignments for the same person" file="Allocation Overlap (Tests\Unit\Modules\Allocation\Domain\AllocationOverlap)::It rejects overlapping assignments for the same person" class="Tests\Unit\Modules\Allocation\Domain\AllocationOverlapTest" classname="Tests.Unit.Modules.Allocation.Domain.AllocationOverlapTest" assertions="1" time="0.249885"/>
        <testcase name="It allows overlap after prior assignment is released" file="Allocation Overlap (Tests\Unit\Modules\Allocation\Domain\AllocationOverlap)::It allows overlap after prior assignment is released" class="Tests\Unit\Modules\Allocation\Domain\AllocationOverlapTest" classname="Tests.Unit.Modules.Allocation.Domain.AllocationOverlapTest" assertions="2" time="0.586311"/>
      </testsuite>
      <testsuite name="Tests\Unit\Modules\Allocation\Infrastructure\AllocationPhysicalStateAdapterTest" file="Allocation Physical State Adapter (Tests\Unit\Modules\Allocation\Infrastructure\AllocationPhysicalStateAdapter)" tests="3" assertions="9" errors="0" failures="0" skipped="0" time="0.116408">
        <testcase name="It signals assign via reserve bed by default" file="Allocation Physical State Adapter (Tests\Unit\Modules\Allocation\Infrastructure\AllocationPhysicalStateAdapter)::It signals assign via reserve bed by default" class="Tests\Unit\Modules\Allocation\Infrastructure\AllocationPhysicalStateAdapterTest" classname="Tests.Unit.Modules.Allocation.Infrastructure.AllocationPhysicalStateAdapterTest" assertions="3" time="0.050342"/>
        <testcase name="It signals assign with occupy when policy requires occupied marker" file="Allocation Physical State Adapter (Tests\Unit\Modules\Allocation\Infrastructure\AllocationPhysicalStateAdapter)::It signals assign with occupy when policy requires occupied marker" class="Tests\Unit\Modules\Allocation\Infrastructure\AllocationPhysicalStateAdapterTest" classname="Tests.Unit.Modules.Allocation.Infrastructure.AllocationPhysicalStateAdapterTest" assertions="3" time="0.037254"/>
        <testcase name="It signals release via release bed port method" file="Allocation Physical State Adapter (Tests\Unit\Modules\Allocation\Infrastructure\AllocationPhysicalStateAdapter)::It signals release via release bed port method" class="Tests\Unit\Modules\Allocation\Infrastructure\AllocationPhysicalStateAdapterTest" classname="Tests.Unit.Modules.Allocation.Infrastructure.AllocationPhysicalStateAdapterTest" assertions="3" time="0.028813"/>
      </testsuite>
      <testsuite name="Tests\Unit\Modules\Audit\AuditEntryDtoValidationTest" file="tests\Unit\Modules\Audit\AuditEntryDtoValidationTest.php" tests="4" assertions="4" errors="0" failures="0" skipped="0" time="0.104809">
        <testcase name="it rejects audit entries missing a correlation id" file="tests\Unit\Modules\Audit\AuditEntryDtoValidationTest.php::it rejects audit entries missing a correlation id" class="Tests\Unit\Modules\Audit\AuditEntryDtoValidationTest" classname="Tests.Unit.Modules.Audit.AuditEntryDtoValidationTest" assertions="1" time="0.032040"/>
        <testcase name="it rejects audit entries missing a source context" file="tests\Unit\Modules\Audit\AuditEntryDtoValidationTest.php::it rejects audit entries missing a source context" class="Tests\Unit\Modules\Audit\AuditEntryDtoValidationTest" classname="Tests.Unit.Modules.Audit.AuditEntryDtoValidationTest" assertions="1" time="0.026256"/>
        <testcase name="it rejects audit entries with an invalid entity identifier" file="tests\Unit\Modules\Audit\AuditEntryDtoValidationTest.php::it rejects audit entries with an invalid entity identifier" class="Tests\Unit\Modules\Audit\AuditEntryDtoValidationTest" classname="Tests.Unit.Modules.Audit.AuditEntryDtoValidationTest" assertions="1" time="0.022072"/>
        <testcase name="it rejects audit entries with an empty correlation id" file="tests\Unit\Modules\Audit\AuditEntryDtoValidationTest.php::it rejects audit entries with an empty correlation id" class="Tests\Unit\Modules\Audit\AuditEntryDtoValidationTest" classname="Tests.Unit.Modules.Audit.AuditEntryDtoValidationTest" assertions="1" time="0.024440"/>
      </testsuite>
      <testsuite name="Tests\Unit\Modules\Dormitory\Domain\BedTest" file="Bed (Tests\Unit\Modules\Dormitory\Domain\Bed)" tests="12" assertions="17" errors="0" failures="0" skipped="0" time="0.013543">
        <testcase name="Available vacant bed can start occupancy" file="Bed (Tests\Unit\Modules\Dormitory\Domain\Bed)::Available vacant bed can start occupancy" class="Tests\Unit\Modules\Dormitory\Domain\BedTest" classname="Tests.Unit.Modules.Dormitory.Domain.BedTest" assertions="1" time="0.001163"/>
        <testcase name="Unavailable bed cannot start occupancy" file="Bed (Tests\Unit\Modules\Dormitory\Domain\Bed)::Unavailable bed cannot start occupancy" class="Tests\Unit\Modules\Dormitory\Domain\BedTest" classname="Tests.Unit.Modules.Dormitory.Domain.BedTest" assertions="1" time="0.001269"/>
        <testcase name="Maintenance bed cannot start occupancy" file="Bed (Tests\Unit\Modules\Dormitory\Domain\Bed)::Maintenance bed cannot start occupancy" class="Tests\Unit\Modules\Dormitory\Domain\BedTest" classname="Tests.Unit.Modules.Dormitory.Domain.BedTest" assertions="1" time="0.001859"/>
        <testcase name="Inactive bed cannot start occupancy" file="Bed (Tests\Unit\Modules\Dormitory\Domain\Bed)::Inactive bed cannot start occupancy" class="Tests\Unit\Modules\Dormitory\Domain\BedTest" classname="Tests.Unit.Modules.Dormitory.Domain.BedTest" assertions="1" time="0.000961"/>
        <testcase name="Occupied bed cannot start occupancy again" file="Bed (Tests\Unit\Modules\Dormitory\Domain\Bed)::Occupied bed cannot start occupancy again" class="Tests\Unit\Modules\Dormitory\Domain\BedTest" classname="Tests.Unit.Modules.Dormitory.Domain.BedTest" assertions="1" time="0.000838"/>
        <testcase name="Occupied bed can end occupancy" file="Bed (Tests\Unit\Modules\Dormitory\Domain\Bed)::Occupied bed can end occupancy" class="Tests\Unit\Modules\Dormitory\Domain\BedTest" classname="Tests.Unit.Modules.Dormitory.Domain.BedTest" assertions="1" time="0.000821"/>
        <testcase name="Vacant bed cannot end occupancy" file="Bed (Tests\Unit\Modules\Dormitory\Domain\Bed)::Vacant bed cannot end occupancy" class="Tests\Unit\Modules\Dormitory\Domain\BedTest" classname="Tests.Unit.Modules.Dormitory.Domain.BedTest" assertions="1" time="0.001309"/>
        <testcase name="Occupied bed cannot be marked available without ending occupancy" file="Bed (Tests\Unit\Modules\Dormitory\Domain\Bed)::Occupied bed cannot be marked available without ending occupancy" class="Tests\Unit\Modules\Dormitory\Domain\BedTest" classname="Tests.Unit.Modules.Dormitory.Domain.BedTest" assertions="1" time="0.001035"/>
        <testcase name="Assignable requires available and vacant" file="Bed (Tests\Unit\Modules\Dormitory\Domain\Bed)::Assignable requires available and vacant" class="Tests\Unit\Modules\Dormitory\Domain\BedTest" classname="Tests.Unit.Modules.Dormitory.Domain.BedTest" assertions="4" time="0.001504"/>
        <testcase name="Reserve transitions vacant to reserved" file="Bed (Tests\Unit\Modules\Dormitory\Domain\Bed)::Reserve transitions vacant to reserved" class="Tests\Unit\Modules\Dormitory\Domain\BedTest" classname="Tests.Unit.Modules.Dormitory.Domain.BedTest" assertions="2" time="0.000861"/>
        <testcase name="Occupy marker requires reserved" file="Bed (Tests\Unit\Modules\Dormitory\Domain\Bed)::Occupy marker requires reserved" class="Tests\Unit\Modules\Dormitory\Domain\BedTest" classname="Tests.Unit.Modules.Dormitory.Domain.BedTest" assertions="1" time="0.000926"/>
        <testcase name="Release inventory marker from reserved" file="Bed (Tests\Unit\Modules\Dormitory\Domain\Bed)::Release inventory marker from reserved" class="Tests\Unit\Modules\Dormitory\Domain\BedTest" classname="Tests.Unit.Modules.Dormitory.Domain.BedTest" assertions="2" time="0.000996"/>
      </testsuite>
      <testsuite name="Tests\Unit\Modules\Dormitory\Domain\BuildingTest" file="Building (Tests\Unit\Modules\Dormitory\Domain\Building)" tests="2" assertions="2" errors="0" failures="0" skipped="0" time="0.003679">
        <testcase name="Building accepts floor that belongs to it" file="Building (Tests\Unit\Modules\Dormitory\Domain\Building)::Building accepts floor that belongs to it" class="Tests\Unit\Modules\Dormitory\Domain\BuildingTest" classname="Tests.Unit.Modules.Dormitory.Domain.BuildingTest" assertions="1" time="0.002595"/>
        <testcase name="Building rejects floor belonging to another building" file="Building (Tests\Unit\Modules\Dormitory\Domain\Building)::Building rejects floor belonging to another building" class="Tests\Unit\Modules\Dormitory\Domain\BuildingTest" classname="Tests.Unit.Modules.Dormitory.Domain.BuildingTest" assertions="1" time="0.001084"/>
      </testsuite>
      <testsuite name="Tests\Unit\Modules\Dormitory\Domain\DormitoryTest" file="Dormitory (Tests\Unit\Modules\Dormitory\Domain\Dormitory)" tests="3" assertions="7" errors="0" failures="0" skipped="0" time="0.003381">
        <testcase name="Dormitory accepts building that belongs to it" file="Dormitory (Tests\Unit\Modules\Dormitory\Domain\Dormitory)::Dormitory accepts building that belongs to it" class="Tests\Unit\Modules\Dormitory\Domain\DormitoryTest" classname="Tests.Unit.Modules.Dormitory.Domain.DormitoryTest" assertions="1" time="0.001069"/>
        <testcase name="Dormitory rejects building belonging to another dormitory" file="Dormitory (Tests\Unit\Modules\Dormitory\Domain\Dormitory)::Dormitory rejects building belonging to another dormitory" class="Tests\Unit\Modules\Dormitory\Domain\DormitoryTest" classname="Tests.Unit.Modules.Dormitory.Domain.DormitoryTest" assertions="1" time="0.000940"/>
        <testcase name="Dormitory does not model allocation assignment as occupancy" file="Dormitory (Tests\Unit\Modules\Dormitory\Domain\Dormitory)::Dormitory does not model allocation assignment as occupancy" class="Tests\Unit\Modules\Dormitory\Domain\DormitoryTest" classname="Tests.Unit.Modules.Dormitory.Domain.DormitoryTest" assertions="5" time="0.001373"/>
      </testsuite>
      <testsuite name="Tests\Unit\Modules\Dormitory\Domain\FloorTest" file="Floor (Tests\Unit\Modules\Dormitory\Domain\Floor)" tests="2" assertions="2" errors="0" failures="0" skipped="0" time="0.002344">
        <testcase name="Floor accepts room that belongs to it" file="Floor (Tests\Unit\Modules\Dormitory\Domain\Floor)::Floor accepts room that belongs to it" class="Tests\Unit\Modules\Dormitory\Domain\FloorTest" classname="Tests.Unit.Modules.Dormitory.Domain.FloorTest" assertions="1" time="0.001464"/>
        <testcase name="Floor rejects room belonging to another floor" file="Floor (Tests\Unit\Modules\Dormitory\Domain\Floor)::Floor rejects room belonging to another floor" class="Tests\Unit\Modules\Dormitory\Domain\FloorTest" classname="Tests.Unit.Modules.Dormitory.Domain.FloorTest" assertions="1" time="0.000880"/>
      </testsuite>
      <testsuite name="Tests\Unit\Modules\Dormitory\Domain\RoomTest" file="Room (Tests\Unit\Modules\Dormitory\Domain\Room)" tests="5" assertions="5" errors="0" failures="0" skipped="0" time="0.007255">
        <testcase name="Room accepts bed that belongs to it" file="Room (Tests\Unit\Modules\Dormitory\Domain\Room)::Room accepts bed that belongs to it" class="Tests\Unit\Modules\Dormitory\Domain\RoomTest" classname="Tests.Unit.Modules.Dormitory.Domain.RoomTest" assertions="1" time="0.000885"/>
        <testcase name="Room rejects bed belonging to another room" file="Room (Tests\Unit\Modules\Dormitory\Domain\Room)::Room rejects bed belonging to another room" class="Tests\Unit\Modules\Dormitory\Domain\RoomTest" classname="Tests.Unit.Modules.Dormitory.Domain.RoomTest" assertions="1" time="0.000870"/>
        <testcase name="Room cannot exceed capacity when registering beds" file="Room (Tests\Unit\Modules\Dormitory\Domain\Room)::Room cannot exceed capacity when registering beds" class="Tests\Unit\Modules\Dormitory\Domain\RoomTest" classname="Tests.Unit.Modules.Dormitory.Domain.RoomTest" assertions="1" time="0.001515"/>
        <testcase name="Availability excludes unavailable maintenance inactive and occupied beds" file="Room (Tests\Unit\Modules\Dormitory\Domain\Room)::Availability excludes unavailable maintenance inactive and occupied beds" class="Tests\Unit\Modules\Dormitory\Domain\RoomTest" classname="Tests.Unit.Modules.Dormitory.Domain.RoomTest" assertions="1" time="0.001392"/>
        <testcase name="Room status blocks availability projection" file="Room (Tests\Unit\Modules\Dormitory\Domain\Room)::Room status blocks availability projection" class="Tests\Unit\Modules\Dormitory\Domain\RoomTest" classname="Tests.Unit.Modules.Dormitory.Domain.RoomTest" assertions="1" time="0.002593"/>
      </testsuite>
      <testsuite name="Tests\Unit\Modules\Dormitory\Domain\ValueObjects\AvailabilityTest" file="Availability (Tests\Unit\Modules\Dormitory\Domain\ValueObjects\Availability)" tests="3" assertions="6" errors="0" failures="0" skipped="0" time="0.004246">
        <testcase name="Available count cannot be negative" file="Availability (Tests\Unit\Modules\Dormitory\Domain\ValueObjects\Availability)::Available count cannot be negative" class="Tests\Unit\Modules\Dormitory\Domain\ValueObjects\AvailabilityTest" classname="Tests.Unit.Modules.Dormitory.Domain.ValueObjects.AvailabilityTest" assertions="2" time="0.002133"/>
        <testcase name="None is unavailable" file="Availability (Tests\Unit\Modules\Dormitory\Domain\ValueObjects\Availability)::None is unavailable" class="Tests\Unit\Modules\Dormitory\Domain\ValueObjects\AvailabilityTest" classname="Tests.Unit.Modules.Dormitory.Domain.ValueObjects.AvailabilityTest" assertions="2" time="0.001284"/>
        <testcase name="Of positive count is available" file="Availability (Tests\Unit\Modules\Dormitory\Domain\ValueObjects\Availability)::Of positive count is available" class="Tests\Unit\Modules\Dormitory\Domain\ValueObjects\AvailabilityTest" classname="Tests.Unit.Modules.Dormitory.Domain.ValueObjects.AvailabilityTest" assertions="2" time="0.000829"/>
      </testsuite>
      <testsuite name="Tests\Unit\Modules\Dormitory\Domain\ValueObjects\CapacityTest" file="Capacity (Tests\Unit\Modules\Dormitory\Domain\ValueObjects\Capacity)" tests="4" assertions="7" errors="0" failures="0" skipped="0" time="0.003114">
        <testcase name="Capacity cannot be negative" file="Capacity (Tests\Unit\Modules\Dormitory\Domain\ValueObjects\Capacity)::Capacity cannot be negative" class="Tests\Unit\Modules\Dormitory\Domain\ValueObjects\CapacityTest" classname="Tests.Unit.Modules.Dormitory.Domain.ValueObjects.CapacityTest" assertions="2" time="0.000838"/>
        <testcase name="Occupied capacity cannot be negative" file="Capacity (Tests\Unit\Modules\Dormitory\Domain\ValueObjects\Capacity)::Occupied capacity cannot be negative" class="Tests\Unit\Modules\Dormitory\Domain\ValueObjects\CapacityTest" classname="Tests.Unit.Modules.Dormitory.Domain.ValueObjects.CapacityTest" assertions="2" time="0.000730"/>
        <testcase name="Occupied capacity cannot exceed total" file="Capacity (Tests\Unit\Modules\Dormitory\Domain\ValueObjects\Capacity)::Occupied capacity cannot exceed total" class="Tests\Unit\Modules\Dormitory\Domain\ValueObjects\CapacityTest" classname="Tests.Unit.Modules.Dormitory.Domain.ValueObjects.CapacityTest" assertions="2" time="0.000789"/>
        <testcase name="Available is total minus occupied" file="Capacity (Tests\Unit\Modules\Dormitory\Domain\ValueObjects\Capacity)::Available is total minus occupied" class="Tests\Unit\Modules\Dormitory\Domain\ValueObjects\CapacityTest" classname="Tests.Unit.Modules.Dormitory.Domain.ValueObjects.CapacityTest" assertions="1" time="0.000758"/>
      </testsuite>
      <testsuite name="Tests\Unit\Modules\Dormitory\Domain\ValueObjects\PhysicalOccupancyStateTest" file="Physical Occupancy State (Tests\Unit\Modules\Dormitory\Domain\ValueObjects\PhysicalOccupancyState)" tests="2" assertions="11" errors="0" failures="0" skipped="0" time="0.002004">
        <testcase name="Vacant reserved and occupied are distinct inventory markers" file="Physical Occupancy State (Tests\Unit\Modules\Dormitory\Domain\ValueObjects\PhysicalOccupancyState)::Vacant reserved and occupied are distinct inventory markers" class="Tests\Unit\Modules\Dormitory\Domain\ValueObjects\PhysicalOccupancyStateTest" classname="Tests.Unit.Modules.Dormitory.Domain.ValueObjects.PhysicalOccupancyStateTest" assertions="9" time="0.000848"/>
        <testcase name="Allocation time markers include reserved" file="Physical Occupancy State (Tests\Unit\Modules\Dormitory\Domain\ValueObjects\PhysicalOccupancyState)::Allocation time markers include reserved" class="Tests\Unit\Modules\Dormitory\Domain\ValueObjects\PhysicalOccupancyStateTest" classname="Tests.Unit.Modules.Dormitory.Domain.ValueObjects.PhysicalOccupancyStateTest" assertions="2" time="0.001156"/>
      </testsuite>
      <testsuite name="Tests\Unit\Modules\Dormitory\Domain\ValueObjects\ResourceStatusTest" file="Resource Status (Tests\Unit\Modules\Dormitory\Domain\ValueObjects\ResourceStatus)" tests="1" assertions="9" errors="0" failures="0" skipped="0" time="0.000814">
        <testcase name="Only available is usable and allows occupancy" file="Resource Status (Tests\Unit\Modules\Dormitory\Domain\ValueObjects\ResourceStatus)::Only available is usable and allows occupancy" class="Tests\Unit\Modules\Dormitory\Domain\ValueObjects\ResourceStatusTest" classname="Tests.Unit.Modules.Dormitory.Domain.ValueObjects.ResourceStatusTest" assertions="9" time="0.000814"/>
      </testsuite>
      <testsuite name="Tests\Unit\Modules\Employee\Application\CreateEmployeeActionTest" file="Create Employee Action (Tests\Unit\Modules\Employee\Application\CreateEmployeeAction)" tests="1" assertions="2" errors="0" failures="0" skipped="0" time="0.163459">
        <testcase name="It dispatches employee created after persist" file="Create Employee Action (Tests\Unit\Modules\Employee\Application\CreateEmployeeAction)::It dispatches employee created after persist" class="Tests\Unit\Modules\Employee\Application\CreateEmployeeActionTest" classname="Tests.Unit.Modules.Employee.Application.CreateEmployeeActionTest" assertions="2" time="0.163459"/>
      </testsuite>
      <testsuite name="Tests\Unit\Modules\Employee\Domain\EmployeeTest" file="Employee (Tests\Unit\Modules\Employee\Domain\Employee)" tests="2" assertions="4" errors="0" failures="0" skipped="0" time="0.002566">
        <testcase name="Identity id remains immutable on assign id" file="Employee (Tests\Unit\Modules\Employee\Domain\Employee)::Identity id remains immutable on assign id" class="Tests\Unit\Modules\Employee\Domain\EmployeeTest" classname="Tests.Unit.Modules.Employee.Domain.EmployeeTest" assertions="1" time="0.001267"/>
        <testcase name="Status transitions" file="Employee (Tests\Unit\Modules\Employee\Domain\Employee)::Status transitions" class="Tests\Unit\Modules\Employee\Domain\EmployeeTest" classname="Tests.Unit.Modules.Employee.Domain.EmployeeTest" assertions="3" time="0.001299"/>
      </testsuite>
      <testsuite name="Tests\Unit\Modules\Identity\Application\CreateUserActionTest" file="Create User Action (Tests\Unit\Modules\Identity\Application\CreateUserAction)" tests="2" assertions="5" errors="0" failures="0" skipped="0" time="0.184276">
        <testcase name="It assigns uuid v7 and dispatches user created" file="Create User Action (Tests\Unit\Modules\Identity\Application\CreateUserAction)::It assigns uuid v7 and dispatches user created" class="Tests\Unit\Modules\Identity\Application\CreateUserActionTest" classname="Tests.Unit.Modules.Identity.Application.CreateUserActionTest" assertions="4" time="0.075779"/>
        <testcase name="It rejects duplicate email" file="Create User Action (Tests\Unit\Modules\Identity\Application\CreateUserAction)::It rejects duplicate email" class="Tests\Unit\Modules\Identity\Application\CreateUserActionTest" classname="Tests.Unit.Modules.Identity.Application.CreateUserActionTest" assertions="1" time="0.108496"/>
      </testsuite>
      <testsuite name="Tests\Unit\Modules\Identity\Application\DeactivateUserActionTest" file="Deactivate User Action (Tests\Unit\Modules\Identity\Application\DeactivateUserAction)" tests="3" assertions="5" errors="0" failures="0" skipped="0" time="1.861378">
        <testcase name="It disables user and dispatches user deactivated" file="Deactivate User Action (Tests\Unit\Modules\Identity\Application\DeactivateUserAction)::It disables user and dispatches user deactivated" class="Tests\Unit\Modules\Identity\Application\DeactivateUserActionTest" classname="Tests.Unit.Modules.Identity.Application.DeactivateUserActionTest" assertions="3" time="0.812066"/>
        <testcase name="It prevents deactivating last active system administrator" file="Deactivate User Action (Tests\Unit\Modules\Identity\Application\DeactivateUserAction)::It prevents deactivating last active system administrator" class="Tests\Unit\Modules\Identity\Application\DeactivateUserActionTest" classname="Tests.Unit.Modules.Identity.Application.DeactivateUserActionTest" assertions="1" time="0.463221"/>
        <testcase name="It allows deactivating admin when another active admin exists" file="Deactivate User Action (Tests\Unit\Modules\Identity\Application\DeactivateUserAction)::It allows deactivating admin when another active admin exists" class="Tests\Unit\Modules\Identity\Application\DeactivateUserActionTest" classname="Tests.Unit.Modules.Identity.Application.DeactivateUserActionTest" assertions="1" time="0.586091"/>
      </testsuite>
      <testsuite name="Tests\Unit\Modules\Identity\Domain\UserTest" file="User (Tests\Unit\Modules\Identity\Domain\User)" tests="3" assertions="4" errors="0" failures="0" skipped="0" time="0.110789">
        <testcase name="It disables an active user" file="User (Tests\Unit\Modules\Identity\Domain\User)::It disables an active user" class="Tests\Unit\Modules\Identity\Domain\UserTest" classname="Tests.Unit.Modules.Identity.Domain.UserTest" assertions="2" time="0.037711"/>
        <testcase name="It prevents reactivation in wave one a" file="User (Tests\Unit\Modules\Identity\Domain\User)::It prevents reactivation in wave one a" class="Tests\Unit\Modules\Identity\Domain\UserTest" classname="Tests.Unit.Modules.Identity.Domain.UserTest" assertions="1" time="0.040283"/>
        <testcase name="It preserves immutable identifier after assignment" file="User (Tests\Unit\Modules\Identity\Domain\User)::It preserves immutable identifier after assignment" class="Tests\Unit\Modules\Identity\Domain\UserTest" classname="Tests.Unit.Modules.Identity.Domain.UserTest" assertions="1" time="0.032795"/>
      </testsuite>
      <testsuite name="Tests\Unit\Modules\Identity\Infrastructure\UserModelAuthTest" file="tests\Unit\Modules\Identity\Infrastructure\UserModelAuthTest.php" tests="2" assertions="4" errors="0" failures="0" skipped="0" time="0.070885">
        <testcase name="it rejects password lookup because identity users are not credential-authenticatable" file="tests\Unit\Modules\Identity\Infrastructure\UserModelAuthTest.php::it rejects password lookup because identity users are not credential-authenticatable" class="Tests\Unit\Modules\Identity\Infrastructure\UserModelAuthTest" classname="Tests.Unit.Modules.Identity.Infrastructure.UserModelAuthTest" assertions="2" time="0.036233"/>
        <testcase name="it does not expose a remember-token column for identity users" file="tests\Unit\Modules\Identity\Infrastructure\UserModelAuthTest.php::it does not expose a remember-token column for identity users" class="Tests\Unit\Modules\Identity\Infrastructure\UserModelAuthTest" classname="Tests.Unit.Modules.Identity.Infrastructure.UserModelAuthTest" assertions="2" time="0.034653"/>
      </testsuite>
      <testsuite name="Tests\Unit\Modules\Lottery\Application\Adapters\RequestReadAdapterTest" file="Request Read Adapter (Tests\Unit\Modules\Lottery\Application\Adapters\RequestReadAdapter)" tests="2" assertions="5" errors="0" failures="0" skipped="0" time="0.067973">
        <testcase name="It returns approved lottery registration summary" file="Request Read Adapter (Tests\Unit\Modules\Lottery\Application\Adapters\RequestReadAdapter)::It returns approved lottery registration summary" class="Tests\Unit\Modules\Lottery\Application\Adapters\RequestReadAdapterTest" classname="Tests.Unit.Modules.Lottery.Application.Adapters.RequestReadAdapterTest" assertions="4" time="0.040535"/>
        <testcase name="It returns null when request is not in approved lottery list" file="Request Read Adapter (Tests\Unit\Modules\Lottery\Application\Adapters\RequestReadAdapter)::It returns null when request is not in approved lottery list" class="Tests\Unit\Modules\Lottery\Application\Adapters\RequestReadAdapterTest" classname="Tests.Unit.Modules.Lottery.Application.Adapters.RequestReadAdapterTest" assertions="1" time="0.027438"/>
      </testsuite>
      <testsuite name="Tests\Unit\Modules\Lottery\Application\EnrollRegistrationActionTest" file="Enroll Registration Action (Tests\Unit\Modules\Lottery\Application\EnrollRegistrationAction)" tests="6" assertions="8" errors="0" failures="0" skipped="0" time="0.161154">
        <testcase name="It rejects enrollment when program is not open" file="Enroll Registration Action (Tests\Unit\Modules\Lottery\Application\EnrollRegistrationAction)::It rejects enrollment when program is not open" class="Tests\Unit\Modules\Lottery\Application\EnrollRegistrationActionTest" classname="Tests.Unit.Modules.Lottery.Application.EnrollRegistrationActionTest" assertions="1" time="0.045481"/>
        <testcase name="It rejects enrollment when program closes before transaction persists" file="Enroll Registration Action (Tests\Unit\Modules\Lottery\Application\EnrollRegistrationAction)::It rejects enrollment when program closes before transaction persists" class="Tests\Unit\Modules\Lottery\Application\EnrollRegistrationActionTest" classname="Tests.Unit.Modules.Lottery.Application.EnrollRegistrationActionTest" assertions="1" time="0.031818"/>
        <testcase name="It rejects duplicate enrollment for same request inside transaction" file="Enroll Registration Action (Tests\Unit\Modules\Lottery\Application\EnrollRegistrationAction)::It rejects duplicate enrollment for same request inside transaction" class="Tests\Unit\Modules\Lottery\Application\EnrollRegistrationActionTest" classname="Tests.Unit.Modules.Lottery.Application.EnrollRegistrationActionTest" assertions="1" time="0.020898"/>
        <testcase name="It rejects when request is not approved lottery registration" file="Enroll Registration Action (Tests\Unit\Modules\Lottery\Application\EnrollRegistrationAction)::It rejects when request is not approved lottery registration" class="Tests\Unit\Modules\Lottery\Application\EnrollRegistrationActionTest" classname="Tests.Unit.Modules.Lottery.Application.EnrollRegistrationActionTest" assertions="1" time="0.019695"/>
        <testcase name="It rejects when request dormitory does not match program" file="Enroll Registration Action (Tests\Unit\Modules\Lottery\Application\EnrollRegistrationAction)::It rejects when request dormitory does not match program" class="Tests\Unit\Modules\Lottery\Application\EnrollRegistrationActionTest" classname="Tests.Unit.Modules.Lottery.Application.EnrollRegistrationActionTest" assertions="1" time="0.022079"/>
        <testcase name="It persists registration and dispatches event on success" file="Enroll Registration Action (Tests\Unit\Modules\Lottery\Application\EnrollRegistrationAction)::It persists registration and dispatches event on success" class="Tests\Unit\Modules\Lottery\Application\EnrollRegistrationActionTest" classname="Tests.Unit.Modules.Lottery.Application.EnrollRegistrationActionTest" assertions="3" time="0.021182"/>
      </testsuite>
      <testsuite name="Tests\Unit\Modules\Lottery\Application\ExecuteDrawActionTest" file="Execute Draw Action (Tests\Unit\Modules\Lottery\Application\ExecuteDrawAction)" tests="4" assertions="27" errors="0" failures="0" skipped="0" time="0.083145">
        <testcase name="It rejects draw when program is not locked" file="Execute Draw Action (Tests\Unit\Modules\Lottery\Application\ExecuteDrawAction)::It rejects draw when program is not locked" class="Tests\Unit\Modules\Lottery\Application\ExecuteDrawActionTest" classname="Tests.Unit.Modules.Lottery.Application.ExecuteDrawActionTest" assertions="3" time="0.023006"/>
        <testcase name="It is idempotent when results already exist" file="Execute Draw Action (Tests\Unit\Modules\Lottery\Application\ExecuteDrawAction)::It is idempotent when results already exist" class="Tests\Unit\Modules\Lottery\Application\ExecuteDrawActionTest" classname="Tests.Unit.Modules.Lottery.Application.ExecuteDrawActionTest" assertions="7" time="0.020948"/>
        <testcase name="It persists results and completes program on first draw" file="Execute Draw Action (Tests\Unit\Modules\Lottery\Application\ExecuteDrawAction)::It persists results and completes program on first draw" class="Tests\Unit\Modules\Lottery\Application\ExecuteDrawActionTest" classname="Tests.Unit.Modules.Lottery.Application.ExecuteDrawActionTest" assertions="9" time="0.021587"/>
        <testcase name="It does not duplicate results on retry after success" file="Execute Draw Action (Tests\Unit\Modules\Lottery\Application\ExecuteDrawAction)::It does not duplicate results on retry after success" class="Tests\Unit\Modules\Lottery\Application\ExecuteDrawActionTest" classname="Tests.Unit.Modules.Lottery.Application.ExecuteDrawActionTest" assertions="8" time="0.017604"/>
      </testsuite>
      <testsuite name="Tests\Unit\Modules\Lottery\Application\LockLotteryProgramActionTest" file="Lock Lottery Program Action (Tests\Unit\Modules\Lottery\Application\LockLotteryProgramAction)" tests="3" assertions="4" errors="0" failures="0" skipped="0" time="0.061367">
        <testcase name="It rejects lock when program is not registration closed" file="Lock Lottery Program Action (Tests\Unit\Modules\Lottery\Application\LockLotteryProgramAction)::It rejects lock when program is not registration closed" class="Tests\Unit\Modules\Lottery\Application\LockLotteryProgramActionTest" classname="Tests.Unit.Modules.Lottery.Application.LockLotteryProgramActionTest" assertions="1" time="0.020155"/>
        <testcase name="It fails when scoring config is missing" file="Lock Lottery Program Action (Tests\Unit\Modules\Lottery\Application\LockLotteryProgramAction)::It fails when scoring config is missing" class="Tests\Unit\Modules\Lottery\Application\LockLotteryProgramActionTest" classname="Tests.Unit.Modules.Lottery.Application.LockLotteryProgramActionTest" assertions="1" time="0.021109"/>
        <testcase name="It excludes registrations whose requests are no longer approved" file="Lock Lottery Program Action (Tests\Unit\Modules\Lottery\Application\LockLotteryProgramAction)::It excludes registrations whose requests are no longer approved" class="Tests\Unit\Modules\Lottery\Application\LockLotteryProgramActionTest" classname="Tests.Unit.Modules.Lottery.Application.LockLotteryProgramActionTest" assertions="2" time="0.020103"/>
      </testsuite>
      <testsuite name="Tests\Unit\Modules\Lottery\Application\LotteryProgramActionsTest" file="Lottery Program Actions (Tests\Unit\Modules\Lottery\Application\LotteryProgramActions)" tests="4" assertions="5" errors="0" failures="0" skipped="0" time="0.084965">
        <testcase name="It rejects zero capacity on create" file="Lottery Program Actions (Tests\Unit\Modules\Lottery\Application\LotteryProgramActions)::It rejects zero capacity on create" class="Tests\Unit\Modules\Lottery\Application\LotteryProgramActionsTest" classname="Tests.Unit.Modules.Lottery.Application.LotteryProgramActionsTest" assertions="1" time="0.020759"/>
        <testcase name="It rejects open registration from locked program" file="Lottery Program Actions (Tests\Unit\Modules\Lottery\Application\LotteryProgramActions)::It rejects open registration from locked program" class="Tests\Unit\Modules\Lottery\Application\LotteryProgramActionsTest" classname="Tests.Unit.Modules.Lottery.Application.LotteryProgramActionsTest" assertions="1" time="0.021602"/>
        <testcase name="It dispatches state changed when closing registration" file="Lottery Program Actions (Tests\Unit\Modules\Lottery\Application\LotteryProgramActions)::It dispatches state changed when closing registration" class="Tests\Unit\Modules\Lottery\Application\LotteryProgramActionsTest" classname="Tests.Unit.Modules.Lottery.Application.LotteryProgramActionsTest" assertions="2" time="0.020538"/>
        <testcase name="It dispatches created event on create" file="Lottery Program Actions (Tests\Unit\Modules\Lottery\Application\LotteryProgramActions)::It dispatches created event on create" class="Tests\Unit\Modules\Lottery\Application\LotteryProgramActionsTest" classname="Tests.Unit.Modules.Lottery.Application.LotteryProgramActionsTest" assertions="1" time="0.022066"/>
      </testsuite>
      <testsuite name="Tests\Unit\Modules\Lottery\Domain\LockedLotterySemanticContractTest" file="Locked Lottery Semantic Contract (Tests\Unit\Modules\Lottery\Domain\LockedLotterySemanticContract)" tests="3" assertions="8" errors="0" failures="0" skipped="0" time="0.067224">
        <testcase name="It builds a versioned lock boundary payload" file="Locked Lottery Semantic Contract (Tests\Unit\Modules\Lottery\Domain\LockedLotterySemanticContract)::It builds a versioned lock boundary payload" class="Tests\Unit\Modules\Lottery\Domain\LockedLotterySemanticContractTest" classname="Tests.Unit.Modules.Lottery.Domain.LockedLotterySemanticContractTest" assertions="4" time="0.020228"/>
        <testcase name="It rejects draw when program seed does not match snapshot" file="Locked Lottery Semantic Contract (Tests\Unit\Modules\Lottery\Domain\LockedLotterySemanticContract)::It rejects draw when program seed does not match snapshot" class="Tests\Unit\Modules\Lottery\Domain\LockedLotterySemanticContractTest" classname="Tests.Unit.Modules.Lottery.Domain.LockedLotterySemanticContractTest" assertions="2" time="0.024384"/>
        <testcase name="It verifies reproducible weighted scores from frozen inputs" file="Locked Lottery Semantic Contract (Tests\Unit\Modules\Lottery\Domain\LockedLotterySemanticContract)::It verifies reproducible weighted scores from frozen inputs" class="Tests\Unit\Modules\Lottery\Domain\LockedLotterySemanticContractTest" classname="Tests.Unit.Modules.Lottery.Domain.LockedLotterySemanticContractTest" assertions="2" time="0.022611"/>
      </testsuite>
      <testsuite name="Tests\Unit\Modules\Lottery\Domain\LotteryDrawSelectorTest" file="Lottery Draw Selector (Tests\Unit\Modules\Lottery\Domain\LotteryDrawSelector)" tests="2" assertions="11" errors="0" failures="0" skipped="0" time="0.059196">
        <testcase name="It selects winners up to capacity and ranks reserves" file="Lottery Draw Selector (Tests\Unit\Modules\Lottery\Domain\LotteryDrawSelector)::It selects winners up to capacity and ranks reserves" class="Tests\Unit\Modules\Lottery\Domain\LotteryDrawSelectorTest" classname="Tests.Unit.Modules.Lottery.Domain.LotteryDrawSelectorTest" assertions="8" time="0.028597"/>
        <testcase name="It marks all eligible as winners when capacity exceeds count" file="Lottery Draw Selector (Tests\Unit\Modules\Lottery\Domain\LotteryDrawSelector)::It marks all eligible as winners when capacity exceeds count" class="Tests\Unit\Modules\Lottery\Domain\LotteryDrawSelectorTest" classname="Tests.Unit.Modules.Lottery.Domain.LotteryDrawSelectorTest" assertions="3" time="0.030599"/>
      </testsuite>
      <testsuite name="Tests\Unit\Modules\Lottery\Domain\LotteryExceptionsTest" file="Lottery Exceptions (Tests\Unit\Modules\Lottery\Domain\LotteryExceptions)" tests="1" assertions="5" errors="0" failures="0" skipped="0" time="0.019404">
        <testcase name="It instantiates lottery domain exceptions" file="Lottery Exceptions (Tests\Unit\Modules\Lottery\Domain\LotteryExceptions)::It instantiates lottery domain exceptions" class="Tests\Unit\Modules\Lottery\Domain\LotteryExceptionsTest" classname="Tests.Unit.Modules.Lottery.Domain.LotteryExceptionsTest" assertions="5" time="0.019404"/>
      </testsuite>
      <testsuite name="Tests\Unit\Modules\Lottery\Domain\LotteryProgramEntityTest" file="Lottery Program Entity (Tests\Unit\Modules\Lottery\Domain\LotteryProgramEntity)" tests="2" assertions="7" errors="0" failures="0" skipped="0" time="0.071272">
        <testcase name="It creates draft program with terminal semantics" file="Lottery Program Entity (Tests\Unit\Modules\Lottery\Domain\LotteryProgramEntity)::It creates draft program with terminal semantics" class="Tests\Unit\Modules\Lottery\Domain\LotteryProgramEntityTest" classname="Tests.Unit.Modules.Lottery.Domain.LotteryProgramEntityTest" assertions="5" time="0.020494"/>
        <testcase name="It marks completed as terminal" file="Lottery Program Entity (Tests\Unit\Modules\Lottery\Domain\LotteryProgramEntity)::It marks completed as terminal" class="Tests\Unit\Modules\Lottery\Domain\LotteryProgramEntityTest" classname="Tests.Unit.Modules.Lottery.Domain.LotteryProgramEntityTest" assertions="2" time="0.050779"/>
      </testsuite>
      <testsuite name="Tests\Unit\Modules\Lottery\Domain\LotteryProgramLifecycleTest" file="Lottery Program Lifecycle (Tests\Unit\Modules\Lottery\Domain\LotteryProgramLifecycle)" tests="5" assertions="12" errors="0" failures="0" skipped="0" time="0.141107">
        <testcase name="It opens registration from draft or approved" file="Lottery Program Lifecycle (Tests\Unit\Modules\Lottery\Domain\LotteryProgramLifecycle)::It opens registration from draft or approved" class="Tests\Unit\Modules\Lottery\Domain\LotteryProgramLifecycleTest" classname="Tests.Unit.Modules.Lottery.Domain.LotteryProgramLifecycleTest" assertions="4" time="0.037192"/>
        <testcase name="It closes registration only from open state" file="Lottery Program Lifecycle (Tests\Unit\Modules\Lottery\Domain\LotteryProgramLifecycle)::It closes registration only from open state" class="Tests\Unit\Modules\Lottery\Domain\LotteryProgramLifecycleTest" classname="Tests.Unit.Modules.Lottery.Domain.LotteryProgramLifecycleTest" assertions="3" time="0.030571"/>
        <testcase name="It cancels with reason in allowed states" file="Lottery Program Lifecycle (Tests\Unit\Modules\Lottery\Domain\LotteryProgramLifecycle)::It cancels with reason in allowed states" class="Tests\Unit\Modules\Lottery\Domain\LotteryProgramLifecycleTest" classname="Tests.Unit.Modules.Lottery.Domain.LotteryProgramLifecycleTest" assertions="3" time="0.023754"/>
        <testsuite name="It does not allow cancellation from locked or terminal states" tests="2" assertions="2" errors="0" failures="0" skipped="0" time="0.049591">
          <testcase name="It does not allow cancellation from locked or terminal states with data set &quot;locked&quot;" file="Lottery Program Lifecycle (Tests\Unit\Modules\Lottery\Domain\LotteryProgramLifecycle)::It does not allow cancellation from locked or terminal states with data set &quot;locked&quot;" class="Tests\Unit\Modules\Lottery\Domain\LotteryProgramLifecycleTest" classname="Tests.Unit.Modules.Lottery.Domain.LotteryProgramLifecycleTest" assertions="1" time="0.027490"/>
          <testcase name="It does not allow cancellation from locked or terminal states with data set &quot;cancelled&quot;" file="Lottery Program Lifecycle (Tests\Unit\Modules\Lottery\Domain\LotteryProgramLifecycle)::It does not allow cancellation from locked or terminal states with data set &quot;cancelled&quot;" class="Tests\Unit\Modules\Lottery\Domain\LotteryProgramLifecycleTest" classname="Tests.Unit.Modules.Lottery.Domain.LotteryProgramLifecycleTest" assertions="1" time="0.022101"/>
        </testsuite>
      </testsuite>
      <testsuite name="Tests\Unit\Modules\Lottery\Domain\LotteryProgramStateTest" file="tests\Unit\Modules\Lottery\Domain\LotteryProgramStateTest.php" tests="9" assertions="17" errors="0" failures="0" skipped="0" time="0.169543">
        <testcase name="it registers lottery program lifecycle transitions on state config" file="tests\Unit\Modules\Lottery\Domain\LotteryProgramStateTest.php::it registers lottery program lifecycle transitions on state config" class="Tests\Unit\Modules\Lottery\Domain\LotteryProgramStateTest" classname="Tests.Unit.Modules.Lottery.Domain.LotteryProgramStateTest" assertions="9" time="0.020159"/>
        <testsuite name="it marks terminal lottery program states" tests="8" assertions="8" errors="0" failures="0" skipped="0" time="0.149384">
          <testcase name="it marks terminal lottery program states with data set &quot;dataset &quot;draft&quot;&quot;" file="tests\Unit\Modules\Lottery\Domain\LotteryProgramStateTest.php::it marks terminal lottery program states with data set &quot;dataset &quot;draft&quot;&quot;" class="Tests\Unit\Modules\Lottery\Domain\LotteryProgramStateTest" classname="Tests.Unit.Modules.Lottery.Domain.LotteryProgramStateTest" assertions="1" time="0.017820"/>
          <testcase name="it marks terminal lottery program states with data set &quot;dataset &quot;waiting approval&quot;&quot;" file="tests\Unit\Modules\Lottery\Domain\LotteryProgramStateTest.php::it marks terminal lottery program states with data set &quot;dataset &quot;waiting approval&quot;&quot;" class="Tests\Unit\Modules\Lottery\Domain\LotteryProgramStateTest" classname="Tests.Unit.Modules.Lottery.Domain.LotteryProgramStateTest" assertions="1" time="0.020709"/>
          <testcase name="it marks terminal lottery program states with data set &quot;dataset &quot;approved&quot;&quot;" file="tests\Unit\Modules\Lottery\Domain\LotteryProgramStateTest.php::it marks terminal lottery program states with data set &quot;dataset &quot;approved&quot;&quot;" class="Tests\Unit\Modules\Lottery\Domain\LotteryProgramStateTest" classname="Tests.Unit.Modules.Lottery.Domain.LotteryProgramStateTest" assertions="1" time="0.019472"/>
          <testcase name="it marks terminal lottery program states with data set &quot;dataset &quot;registration open&quot;&quot;" file="tests\Unit\Modules\Lottery\Domain\LotteryProgramStateTest.php::it marks terminal lottery program states with data set &quot;dataset &quot;registration open&quot;&quot;" class="Tests\Unit\Modules\Lottery\Domain\LotteryProgramStateTest" classname="Tests.Unit.Modules.Lottery.Domain.LotteryProgramStateTest" assertions="1" time="0.017904"/>
          <testcase name="it marks terminal lottery program states with data set &quot;dataset &quot;locked&quot;&quot;" file="tests\Unit\Modules\Lottery\Domain\LotteryProgramStateTest.php::it marks terminal lottery program states with data set &quot;dataset &quot;locked&quot;&quot;" class="Tests\Unit\Modules\Lottery\Domain\LotteryProgramStateTest" classname="Tests.Unit.Modules.Lottery.Domain.LotteryProgramStateTest" assertions="1" time="0.019322"/>
          <testcase name="it marks terminal lottery program states with data set &quot;dataset &quot;drawn&quot;&quot;" file="tests\Unit\Modules\Lottery\Domain\LotteryProgramStateTest.php::it marks terminal lottery program states with data set &quot;dataset &quot;drawn&quot;&quot;" class="Tests\Unit\Modules\Lottery\Domain\LotteryProgramStateTest" classname="Tests.Unit.Modules.Lottery.Domain.LotteryProgramStateTest" assertions="1" time="0.018222"/>
          <testcase name="it marks terminal lottery program states with data set &quot;dataset &quot;completed&quot;&quot;" file="tests\Unit\Modules\Lottery\Domain\LotteryProgramStateTest.php::it marks terminal lottery program states with data set &quot;dataset &quot;completed&quot;&quot;" class="Tests\Unit\Modules\Lottery\Domain\LotteryProgramStateTest" classname="Tests.Unit.Modules.Lottery.Domain.LotteryProgramStateTest" assertions="1" time="0.018147"/>
          <testcase name="it marks terminal lottery program states with data set &quot;dataset &quot;cancelled&quot;&quot;" file="tests\Unit\Modules\Lottery\Domain\LotteryProgramStateTest.php::it marks terminal lottery program states with data set &quot;dataset &quot;cancelled&quot;&quot;" class="Tests\Unit\Modules\Lottery\Domain\LotteryProgramStateTest" classname="Tests.Unit.Modules.Lottery.Domain.LotteryProgramStateTest" assertions="1" time="0.017789"/>
        </testsuite>
      </testsuite>
      <testsuite name="Tests\Unit\Modules\Lottery\Domain\LotteryProgramTransitionMatrixTest" file="Lottery Program Transition Matrix (Tests\Unit\Modules\Lottery\Domain\LotteryProgramTransitionMatrix)" tests="14" assertions="14" errors="0" failures="0" skipped="0" time="0.344715">
        <testsuite name="It allows normative lottery program transitions" tests="9" assertions="9" errors="0" failures="0" skipped="0" time="0.191157">
          <testcase name="It allows normative lottery program transitions with data set &quot;draft to waiting approval&quot;" file="Lottery Program Transition Matrix (Tests\Unit\Modules\Lottery\Domain\LotteryProgramTransitionMatrix)::It allows normative lottery program transitions with data set &quot;draft to waiting approval&quot;" class="Tests\Unit\Modules\Lottery\Domain\LotteryProgramTransitionMatrixTest" classname="Tests.Unit.Modules.Lottery.Domain.LotteryProgramTransitionMatrixTest" assertions="1" time="0.022714"/>
          <testcase name="It allows normative lottery program transitions with data set &quot;draft to registration open&quot;" file="Lottery Program Transition Matrix (Tests\Unit\Modules\Lottery\Domain\LotteryProgramTransitionMatrix)::It allows normative lottery program transitions with data set &quot;draft to registration open&quot;" class="Tests\Unit\Modules\Lottery\Domain\LotteryProgramTransitionMatrixTest" classname="Tests.Unit.Modules.Lottery.Domain.LotteryProgramTransitionMatrixTest" assertions="1" time="0.018337"/>
          <testcase name="It allows normative lottery program transitions with data set &quot;draft to cancelled&quot;" file="Lottery Program Transition Matrix (Tests\Unit\Modules\Lottery\Domain\LotteryProgramTransitionMatrix)::It allows normative lottery program transitions with data set &quot;draft to cancelled&quot;" class="Tests\Unit\Modules\Lottery\Domain\LotteryProgramTransitionMatrixTest" classname="Tests.Unit.Modules.Lottery.Domain.LotteryProgramTransitionMatrixTest" assertions="1" time="0.018844"/>
          <testcase name="It allows normative lottery program transitions with data set &quot;waiting approval to approved&quot;" file="Lottery Program Transition Matrix (Tests\Unit\Modules\Lottery\Domain\LotteryProgramTransitionMatrix)::It allows normative lottery program transitions with data set &quot;waiting approval to approved&quot;" class="Tests\Unit\Modules\Lottery\Domain\LotteryProgramTransitionMatrixTest" classname="Tests.Unit.Modules.Lottery.Domain.LotteryProgramTransitionMatrixTest" assertions="1" time="0.023088"/>
          <testcase name="It allows normative lottery program transitions with data set &quot;approved to registration open&quot;" file="Lottery Program Transition Matrix (Tests\Unit\Modules\Lottery\Domain\LotteryProgramTransitionMatrix)::It allows normative lottery program transitions with data set &quot;approved to registration open&quot;" class="Tests\Unit\Modules\Lottery\Domain\LotteryProgramTransitionMatrixTest" classname="Tests.Unit.Modules.Lottery.Domain.LotteryProgramTransitionMatrixTest" assertions="1" time="0.018214"/>
          <testcase name="It allows normative lottery program transitions with data set &quot;registration open to registration closed&quot;" file="Lottery Program Transition Matrix (Tests\Unit\Modules\Lottery\Domain\LotteryProgramTransitionMatrix)::It allows normative lottery program transitions with data set &quot;registration open to registration closed&quot;" class="Tests\Unit\Modules\Lottery\Domain\LotteryProgramTransitionMatrixTest" classname="Tests.Unit.Modules.Lottery.Domain.LotteryProgramTransitionMatrixTest" assertions="1" time="0.019052"/>
          <testcase name="It allows normative lottery program transitions with data set &quot;registration closed to locked&quot;" file="Lottery Program Transition Matrix (Tests\Unit\Modules\Lottery\Domain\LotteryProgramTransitionMatrix)::It allows normative lottery program transitions with data set &quot;registration closed to locked&quot;" class="Tests\Unit\Modules\Lottery\Domain\LotteryProgramTransitionMatrixTest" classname="Tests.Unit.Modules.Lottery.Domain.LotteryProgramTransitionMatrixTest" assertions="1" time="0.020891"/>
          <testcase name="It allows normative lottery program transitions with data set &quot;locked to drawn&quot;" file="Lottery Program Transition Matrix (Tests\Unit\Modules\Lottery\Domain\LotteryProgramTransitionMatrix)::It allows normative lottery program transitions with data set &quot;locked to drawn&quot;" class="Tests\Unit\Modules\Lottery\Domain\LotteryProgramTransitionMatrixTest" classname="Tests.Unit.Modules.Lottery.Domain.LotteryProgramTransitionMatrixTest" assertions="1" time="0.020303"/>
          <testcase name="It allows normative lottery program transitions with data set &quot;drawn to completed&quot;" file="Lottery Program Transition Matrix (Tests\Unit\Modules\Lottery\Domain\LotteryProgramTransitionMatrix)::It allows normative lottery program transitions with data set &quot;drawn to completed&quot;" class="Tests\Unit\Modules\Lottery\Domain\LotteryProgramTransitionMatrixTest" classname="Tests.Unit.Modules.Lottery.Domain.LotteryProgramTransitionMatrixTest" assertions="1" time="0.029714"/>
        </testsuite>
        <testsuite name="It blocks non normative lottery program transitions" tests="5" assertions="5" errors="0" failures="0" skipped="0" time="0.153559">
          <testcase name="It blocks non normative lottery program transitions with data set &quot;draft to locked&quot;" file="Lottery Program Transition Matrix (Tests\Unit\Modules\Lottery\Domain\LotteryProgramTransitionMatrix)::It blocks non normative lottery program transitions with data set &quot;draft to locked&quot;" class="Tests\Unit\Modules\Lottery\Domain\LotteryProgramTransitionMatrixTest" classname="Tests.Unit.Modules.Lottery.Domain.LotteryProgramTransitionMatrixTest" assertions="1" time="0.028244"/>
          <testcase name="It blocks non normative lottery program transitions with data set &quot;registration open to drawn&quot;" file="Lottery Program Transition Matrix (Tests\Unit\Modules\Lottery\Domain\LotteryProgramTransitionMatrix)::It blocks non normative lottery program transitions with data set &quot;registration open to drawn&quot;" class="Tests\Unit\Modules\Lottery\Domain\LotteryProgramTransitionMatrixTest" classname="Tests.Unit.Modules.Lottery.Domain.LotteryProgramTransitionMatrixTest" assertions="1" time="0.029376"/>
          <testcase name="It blocks non normative lottery program transitions with data set &quot;completed to draft&quot;" file="Lottery Program Transition Matrix (Tests\Unit\Modules\Lottery\Domain\LotteryProgramTransitionMatrix)::It blocks non normative lottery program transitions with data set &quot;completed to draft&quot;" class="Tests\Unit\Modules\Lottery\Domain\LotteryProgramTransitionMatrixTest" classname="Tests.Unit.Modules.Lottery.Domain.LotteryProgramTransitionMatrixTest" assertions="1" time="0.029005"/>
          <testcase name="It blocks non normative lottery program transitions with data set &quot;cancelled to registration open&quot;" file="Lottery Program Transition Matrix (Tests\Unit\Modules\Lottery\Domain\LotteryProgramTransitionMatrix)::It blocks non normative lottery program transitions with data set &quot;cancelled to registration open&quot;" class="Tests\Unit\Modules\Lottery\Domain\LotteryProgramTransitionMatrixTest" classname="Tests.Unit.Modules.Lottery.Domain.LotteryProgramTransitionMatrixTest" assertions="1" time="0.032749"/>
          <testcase name="It blocks non normative lottery program transitions with data set &quot;locked to registration closed&quot;" file="Lottery Program Transition Matrix (Tests\Unit\Modules\Lottery\Domain\LotteryProgramTransitionMatrix)::It blocks non normative lottery program transitions with data set &quot;locked to registration closed&quot;" class="Tests\Unit\Modules\Lottery\Domain\LotteryProgramTransitionMatrixTest" classname="Tests.Unit.Modules.Lottery.Domain.LotteryProgramTransitionMatrixTest" assertions="1" time="0.034184"/>
        </testsuite>
      </testsuite>
      <testsuite name="Tests\Unit\Modules\Lottery\Domain\LotteryScoringEngineTest" file="Lottery Scoring Engine (Tests\Unit\Modules\Lottery\Domain\LotteryScoringEngine)" tests="6" assertions="7" errors="0" failures="0" skipped="0" time="0.242864">
        <testcase name="It produces identical scores for identical inputs" file="Lottery Scoring Engine (Tests\Unit\Modules\Lottery\Domain\LotteryScoringEngine)::It produces identical scores for identical inputs" class="Tests\Unit\Modules\Lottery\Domain\LotteryScoringEngineTest" classname="Tests.Unit.Modules.Lottery.Domain.LotteryScoringEngineTest" assertions="1" time="0.037297"/>
        <testcase name="It changes scores when random seed changes" file="Lottery Scoring Engine (Tests\Unit\Modules\Lottery\Domain\LotteryScoringEngine)::It changes scores when random seed changes" class="Tests\Unit\Modules\Lottery\Domain\LotteryScoringEngineTest" classname="Tests.Unit.Modules.Lottery.Domain.LotteryScoringEngineTest" assertions="1" time="0.039405"/>
        <testcase name="It changes scores when registration id changes" file="Lottery Scoring Engine (Tests\Unit\Modules\Lottery\Domain\LotteryScoringEngine)::It changes scores when registration id changes" class="Tests\Unit\Modules\Lottery\Domain\LotteryScoringEngineTest" classname="Tests.Unit.Modules.Lottery.Domain.LotteryScoringEngineTest" assertions="1" time="0.041015"/>
        <testcase name="Prng factor is deterministic for identical inputs" file="Lottery Scoring Engine (Tests\Unit\Modules\Lottery\Domain\LotteryScoringEngine)::Prng factor is deterministic for identical inputs" class="Tests\Unit\Modules\Lottery\Domain\LotteryScoringEngineTest" classname="Tests.Unit.Modules.Lottery.Domain.LotteryScoringEngineTest" assertions="1" time="0.042501"/>
        <testcase name="It produces stable scores across repeated computations" file="Lottery Scoring Engine (Tests\Unit\Modules\Lottery\Domain\LotteryScoringEngine)::It produces stable scores across repeated computations" class="Tests\Unit\Modules\Lottery\Domain\LotteryScoringEngineTest" classname="Tests.Unit.Modules.Lottery.Domain.LotteryScoringEngineTest" assertions="1" time="0.041912"/>
        <testcase name="It produces distinct stable scores per registration with same seed" file="Lottery Scoring Engine (Tests\Unit\Modules\Lottery\Domain\LotteryScoringEngine)::It produces distinct stable scores per registration with same seed" class="Tests\Unit\Modules\Lottery\Domain\LotteryScoringEngineTest" classname="Tests.Unit.Modules.Lottery.Domain.LotteryScoringEngineTest" assertions="2" time="0.040733"/>
      </testsuite>
      <testsuite name="Tests\Unit\Modules\Lottery\Domain\LotteryValueObjectsTest" file="Lottery Value Objects (Tests\Unit\Modules\Lottery\Domain\LotteryValueObjects)" tests="4" assertions="13" errors="0" failures="0" skipped="0" time="0.159280">
        <testcase name="It accepts valid uuid value objects" file="Lottery Value Objects (Tests\Unit\Modules\Lottery\Domain\LotteryValueObjects)::It accepts valid uuid value objects" class="Tests\Unit\Modules\Lottery\Domain\LotteryValueObjectsTest" classname="Tests.Unit.Modules.Lottery.Domain.LotteryValueObjectsTest" assertions="6" time="0.038236"/>
        <testcase name="It rejects invalid uuid value objects" file="Lottery Value Objects (Tests\Unit\Modules\Lottery\Domain\LotteryValueObjects)::It rejects invalid uuid value objects" class="Tests\Unit\Modules\Lottery\Domain\LotteryValueObjectsTest" classname="Tests.Unit.Modules.Lottery.Domain.LotteryValueObjectsTest" assertions="1" time="0.035629"/>
        <testcase name="It exposes lottery program status terminal semantics" file="Lottery Value Objects (Tests\Unit\Modules\Lottery\Domain\LotteryValueObjects)::It exposes lottery program status terminal semantics" class="Tests\Unit\Modules\Lottery\Domain\LotteryValueObjectsTest" classname="Tests.Unit.Modules.Lottery.Domain.LotteryValueObjectsTest" assertions="4" time="0.040004"/>
        <testcase name="It exposes lottery result outcome values" file="Lottery Value Objects (Tests\Unit\Modules\Lottery\Domain\LotteryValueObjects)::It exposes lottery result outcome values" class="Tests\Unit\Modules\Lottery\Domain\LotteryValueObjectsTest" classname="Tests.Unit.Modules.Lottery.Domain.LotteryValueObjectsTest" assertions="2" time="0.045410"/>
      </testsuite>
      <testsuite name="Tests\Unit\Modules\Reporting\EntityTimelineSummaryBuilderTest" file="tests\Unit\Modules\Reporting\EntityTimelineSummaryBuilderTest.php" tests="2" assertions="8" errors="0" failures="0" skipped="0" time="0.083718">
        <testcase name="it builds empty summary when no items are returned" file="tests\Unit\Modules\Reporting\EntityTimelineSummaryBuilderTest.php::it builds empty summary when no items are returned" class="Tests\Unit\Modules\Reporting\EntityTimelineSummaryBuilderTest" classname="Tests.Unit.Modules.Reporting.EntityTimelineSummaryBuilderTest" assertions="4" time="0.043887"/>
        <testcase name="it builds page span summary from timeline items" file="tests\Unit\Modules\Reporting\EntityTimelineSummaryBuilderTest.php::it builds page span summary from timeline items" class="Tests\Unit\Modules\Reporting\EntityTimelineSummaryBuilderTest" classname="Tests.Unit.Modules.Reporting.EntityTimelineSummaryBuilderTest" assertions="4" time="0.039832"/>
      </testsuite>
      <testsuite name="Tests\Unit\Modules\Reporting\ReportingProjectionEventTypeCatalogTest" file="tests\Unit\Modules\Reporting\ReportingProjectionEventTypeCatalogTest.php" tests="1" assertions="1" errors="0" failures="0" skipped="0" time="0.043432">
        <testcase name="it exposes all audit event types for projection refresh ingest" file="tests\Unit\Modules\Reporting\ReportingProjectionEventTypeCatalogTest.php::it exposes all audit event types for projection refresh ingest" class="Tests\Unit\Modules\Reporting\ReportingProjectionEventTypeCatalogTest" classname="Tests.Unit.Modules.Reporting.ReportingProjectionEventTypeCatalogTest" assertions="1" time="0.043432"/>
      </testsuite>
      <testsuite name="Tests\Unit\Modules\Reporting\ReportingProvenanceFactoryTest" file="tests\Unit\Modules\Reporting\ReportingProvenanceFactoryTest.php" tests="2" assertions="6" errors="0" failures="0" skipped="0" time="0.069913">
        <testcase name="it builds T0 provenance with null refresh metadata" file="tests\Unit\Modules\Reporting\ReportingProvenanceFactoryTest.php::it builds T0 provenance with null refresh metadata" class="Tests\Unit\Modules\Reporting\ReportingProvenanceFactoryTest" classname="Tests.Unit.Modules.Reporting.ReportingProvenanceFactoryTest" assertions="5" time="0.038129"/>
        <testcase name="it changes filter hash when include archived flag changes" file="tests\Unit\Modules\Reporting\ReportingProvenanceFactoryTest.php::it changes filter hash when include archived flag changes" class="Tests\Unit\Modules\Reporting\ReportingProvenanceFactoryTest" classname="Tests.Unit.Modules.Reporting.ReportingProvenanceFactoryTest" assertions="1" time="0.031784"/>
      </testsuite>
      <testsuite name="Tests\Unit\Modules\Request\Application\AutoApprovalSettingsReaderTest" file="Auto Approval Settings Reader (Tests\Unit\Modules\Request\Application\AutoApprovalSettingsReader)" tests="10" assertions="10" errors="0" failures="0" skipped="0" time="0.346548">
        <testsuite name="It normalizes settings values to boolean" tests="10" assertions="10" errors="0" failures="0" skipped="0" time="0.346548">
          <testcase name="It normalizes settings values to boolean with data set &quot;native true&quot;" file="Auto Approval Settings Reader (Tests\Unit\Modules\Request\Application\AutoApprovalSettingsReader)::It normalizes settings values to boolean with data set &quot;native true&quot;" class="Tests\Unit\Modules\Request\Application\AutoApprovalSettingsReaderTest" classname="Tests.Unit.Modules.Request.Application.AutoApprovalSettingsReaderTest" assertions="1" time="0.038681"/>
          <testcase name="It normalizes settings values to boolean with data set &quot;native false&quot;" file="Auto Approval Settings Reader (Tests\Unit\Modules\Request\Application\AutoApprovalSettingsReader)::It normalizes settings values to boolean with data set &quot;native false&quot;" class="Tests\Unit\Modules\Request\Application\AutoApprovalSettingsReaderTest" classname="Tests.Unit.Modules.Request.Application.AutoApprovalSettingsReaderTest" assertions="1" time="0.038822"/>
          <testcase name="It normalizes settings values to boolean with data set &quot;json boolean true&quot;" file="Auto Approval Settings Reader (Tests\Unit\Modules\Request\Application\AutoApprovalSettingsReader)::It normalizes settings values to boolean with data set &quot;json boolean true&quot;" class="Tests\Unit\Modules\Request\Application\AutoApprovalSettingsReaderTest" classname="Tests.Unit.Modules.Request.Application.AutoApprovalSettingsReaderTest" assertions="1" time="0.032889"/>
          <testcase name="It normalizes settings values to boolean with data set &quot;json boolean false&quot;" file="Auto Approval Settings Reader (Tests\Unit\Modules\Request\Application\AutoApprovalSettingsReader)::It normalizes settings values to boolean with data set &quot;json boolean false&quot;" class="Tests\Unit\Modules\Request\Application\AutoApprovalSettingsReaderTest" classname="Tests.Unit.Modules.Request.Application.AutoApprovalSettingsReaderTest" assertions="1" time="0.026319"/>
          <testcase name="It normalizes settings values to boolean with data set &quot;json numeric one&quot;" file="Auto Approval Settings Reader (Tests\Unit\Modules\Request\Application\AutoApprovalSettingsReader)::It normalizes settings values to boolean with data set &quot;json numeric one&quot;" class="Tests\Unit\Modules\Request\Application\AutoApprovalSettingsReaderTest" classname="Tests.Unit.Modules.Request.Application.AutoApprovalSettingsReaderTest" assertions="1" time="0.032251"/>
          <testcase name="It normalizes settings values to boolean with data set &quot;json numeric zero&quot;" file="Auto Approval Settings Reader (Tests\Unit\Modules\Request\Application\AutoApprovalSettingsReader)::It normalizes settings values to boolean with data set &quot;json numeric zero&quot;" class="Tests\Unit\Modules\Request\Application\AutoApprovalSettingsReaderTest" classname="Tests.Unit.Modules.Request.Application.AutoApprovalSettingsReaderTest" assertions="1" time="0.043399"/>
          <testcase name="It normalizes settings values to boolean with data set &quot;native integer one&quot;" file="Auto Approval Settings Reader (Tests\Unit\Modules\Request\Application\AutoApprovalSettingsReader)::It normalizes settings values to boolean with data set &quot;native integer one&quot;" class="Tests\Unit\Modules\Request\Application\AutoApprovalSettingsReaderTest" classname="Tests.Unit.Modules.Request.Application.AutoApprovalSettingsReaderTest" assertions="1" time="0.029242"/>
          <testcase name="It normalizes settings values to boolean with data set &quot;native integer zero&quot;" file="Auto Approval Settings Reader (Tests\Unit\Modules\Request\Application\AutoApprovalSettingsReader)::It normalizes settings values to boolean with data set &quot;native integer zero&quot;" class="Tests\Unit\Modules\Request\Application\AutoApprovalSettingsReaderTest" classname="Tests.Unit.Modules.Request.Application.AutoApprovalSettingsReaderTest" assertions="1" time="0.039794"/>
          <testcase name="It normalizes settings values to boolean with data set &quot;string on&quot;" file="Auto Approval Settings Reader (Tests\Unit\Modules\Request\Application\AutoApprovalSettingsReader)::It normalizes settings values to boolean with data set &quot;string on&quot;" class="Tests\Unit\Modules\Request\Application\AutoApprovalSettingsReaderTest" classname="Tests.Unit.Modules.Request.Application.AutoApprovalSettingsReaderTest" assertions="1" time="0.032924"/>
          <testcase name="It normalizes settings values to boolean with data set &quot;string off&quot;" file="Auto Approval Settings Reader (Tests\Unit\Modules\Request\Application\AutoApprovalSettingsReader)::It normalizes settings values to boolean with data set &quot;string off&quot;" class="Tests\Unit\Modules\Request\Application\AutoApprovalSettingsReaderTest" classname="Tests.Unit.Modules.Request.Application.AutoApprovalSettingsReaderTest" assertions="1" time="0.032226"/>
        </testsuite>
      </testsuite>
      <testsuite name="Tests\Unit\Modules\Request\Application\SubmitDateValidationTest" file="Submit Date Validation (Tests\Unit\Modules\Request\Application\SubmitDateValidation)" tests="3" assertions="3" errors="0" failures="0" skipped="0" time="0.117690">
        <testcase name="It rejects a past check in date" file="Submit Date Validation (Tests\Unit\Modules\Request\Application\SubmitDateValidation)::It rejects a past check in date" class="Tests\Unit\Modules\Request\Application\SubmitDateValidationTest" classname="Tests.Unit.Modules.Request.Application.SubmitDateValidationTest" assertions="1" time="0.045374"/>
        <testcase name="It rejects check out on or before check in" file="Submit Date Validation (Tests\Unit\Modules\Request\Application\SubmitDateValidation)::It rejects check out on or before check in" class="Tests\Unit\Modules\Request\Application\SubmitDateValidationTest" classname="Tests.Unit.Modules.Request.Application.SubmitDateValidationTest" assertions="1" time="0.035794"/>
        <testcase name="It accepts valid future dates" file="Submit Date Validation (Tests\Unit\Modules\Request\Application\SubmitDateValidation)::It accepts valid future dates" class="Tests\Unit\Modules\Request\Application\SubmitDateValidationTest" classname="Tests.Unit.Modules.Request.Application.SubmitDateValidationTest" assertions="1" time="0.036522"/>
      </testsuite>
      <testsuite name="Tests\Unit\Modules\Request\Domain\MissionGroupValidatorTest" file="tests\Unit\Modules\Request\Domain\MissionGroupValidatorTest.php" tests="4" assertions="3" errors="0" failures="0" skipped="0" time="0.134841">
        <testcase name="it accepts a valid three-member mission group" file="tests\Unit\Modules\Request\Domain\MissionGroupValidatorTest.php::it accepts a valid three-member mission group" class="Tests\Unit\Modules\Request\Domain\MissionGroupValidatorTest" classname="Tests.Unit.Modules.Request.Domain.MissionGroupValidatorTest" assertions="0" time="0.041856"/>
        <testsuite name="it rejects mission groups outside the 2-20 member range" tests="2" assertions="2" errors="0" failures="0" skipped="0" time="0.066733">
          <testcase name="it rejects mission groups outside the 2-20 member range with data set &quot;(1)&quot;" file="tests\Unit\Modules\Request\Domain\MissionGroupValidatorTest.php::it rejects mission groups outside the 2-20 member range with data set &quot;(1)&quot;" class="Tests\Unit\Modules\Request\Domain\MissionGroupValidatorTest" classname="Tests.Unit.Modules.Request.Domain.MissionGroupValidatorTest" assertions="1" time="0.033702"/>
          <testcase name="it rejects mission groups outside the 2-20 member range with data set &quot;(21)&quot;" file="tests\Unit\Modules\Request\Domain\MissionGroupValidatorTest.php::it rejects mission groups outside the 2-20 member range with data set &quot;(21)&quot;" class="Tests\Unit\Modules\Request\Domain\MissionGroupValidatorTest" classname="Tests.Unit.Modules.Request.Domain.MissionGroupValidatorTest" assertions="1" time="0.033030"/>
        </testsuite>
        <testcase name="it rejects mission groups without exactly one leader" file="tests\Unit\Modules\Request\Domain\MissionGroupValidatorTest.php::it rejects mission groups without exactly one leader" class="Tests\Unit\Modules\Request\Domain\MissionGroupValidatorTest" classname="Tests.Unit.Modules.Request.Domain.MissionGroupValidatorTest" assertions="1" time="0.026252"/>
      </testsuite>
      <testsuite name="Tests\Unit\Modules\Request\Domain\RequestEnumsTest" file="tests\Unit\Modules\Request\Domain\RequestEnumsTest.php" tests="6" assertions="15" errors="0" failures="0" skipped="0" time="0.193551">
        <testcase name="it maps request types to persistence values" file="tests\Unit\Modules\Request\Domain\RequestEnumsTest.php::it maps request types to persistence values" class="Tests\Unit\Modules\Request\Domain\RequestEnumsTest" classname="Tests.Unit.Modules.Request.Domain.RequestEnumsTest" assertions="4" time="0.029599"/>
        <testcase name="it maps approval stages to the four-stage chain" file="tests\Unit\Modules\Request\Domain\RequestEnumsTest.php::it maps approval stages to the four-stage chain" class="Tests\Unit\Modules\Request\Domain\RequestEnumsTest" classname="Tests.Unit.Modules.Request.Domain.RequestEnumsTest" assertions="5" time="0.025867"/>
        <testcase name="it maps approval decisions including pending" file="tests\Unit\Modules\Request\Domain\RequestEnumsTest.php::it maps approval decisions including pending" class="Tests\Unit\Modules\Request\Domain\RequestEnumsTest" classname="Tests.Unit.Modules.Request.Domain.RequestEnumsTest" assertions="3" time="0.029411"/>
        <testsuite name="it round-trips enum values from strings" tests="3" assertions="3" errors="0" failures="0" skipped="0" time="0.108675">
          <testcase name="it round-trips enum values from strings with data set &quot;dataset &quot;request type personal&quot;&quot;" file="tests\Unit\Modules\Request\Domain\RequestEnumsTest.php::it round-trips enum values from strings with data set &quot;dataset &quot;request type personal&quot;&quot;" class="Tests\Unit\Modules\Request\Domain\RequestEnumsTest" classname="Tests.Unit.Modules.Request.Domain.RequestEnumsTest" assertions="1" time="0.027459"/>
          <testcase name="it round-trips enum values from strings with data set &quot;dataset &quot;approval stage hr&quot;&quot;" file="tests\Unit\Modules\Request\Domain\RequestEnumsTest.php::it round-trips enum values from strings with data set &quot;dataset &quot;approval stage hr&quot;&quot;" class="Tests\Unit\Modules\Request\Domain\RequestEnumsTest" classname="Tests.Unit.Modules.Request.Domain.RequestEnumsTest" assertions="1" time="0.037392"/>
          <testcase name="it round-trips enum values from strings with data set &quot;dataset &quot;approval decision pending&quot;&quot;" file="tests\Unit\Modules\Request\Domain\RequestEnumsTest.php::it round-trips enum values from strings with data set &quot;dataset &quot;approval decision pending&quot;&quot;" class="Tests\Unit\Modules\Request\Domain\RequestEnumsTest" classname="Tests.Unit.Modules.Request.Domain.RequestEnumsTest" assertions="1" time="0.043825"/>
        </testsuite>
      </testsuite>
      <testsuite name="Tests\Unit\Modules\Request\Domain\RequestExceptionsTest" file="tests\Unit\Modules\Request\Domain\RequestExceptionsTest.php" tests="8" assertions="10" errors="0" failures="0" skipped="0" time="0.283633">
        <testsuite name="it requires all request domain exceptions to extend RequestDomainException" tests="5" assertions="5" errors="0" failures="0" skipped="0" time="0.186972">
          <testcase name="it requires all request domain exceptions to extend RequestDomainException with data set &quot;('App\Modules\Request\Domain\Ex…eption') #1&quot;" file="tests\Unit\Modules\Request\Domain\RequestExceptionsTest.php::it requires all request domain exceptions to extend RequestDomainException with data set &quot;('App\Modules\Request\Domain\Ex…eption') #1&quot;" class="Tests\Unit\Modules\Request\Domain\RequestExceptionsTest" classname="Tests.Unit.Modules.Request.Domain.RequestExceptionsTest" assertions="1" time="0.038585"/>
          <testcase name="it requires all request domain exceptions to extend RequestDomainException with data set &quot;('App\Modules\Request\Domain\Ex…eption') #2&quot;" file="tests\Unit\Modules\Request\Domain\RequestExceptionsTest.php::it requires all request domain exceptions to extend RequestDomainException with data set &quot;('App\Modules\Request\Domain\Ex…eption') #2&quot;" class="Tests\Unit\Modules\Request\Domain\RequestExceptionsTest" classname="Tests.Unit.Modules.Request.Domain.RequestExceptionsTest" assertions="1" time="0.035601"/>
          <testcase name="it requires all request domain exceptions to extend RequestDomainException with data set &quot;('App\Modules\Request\Domain\Ex…eption') #3&quot;" file="tests\Unit\Modules\Request\Domain\RequestExceptionsTest.php::it requires all request domain exceptions to extend RequestDomainException with data set &quot;('App\Modules\Request\Domain\Ex…eption') #3&quot;" class="Tests\Unit\Modules\Request\Domain\RequestExceptionsTest" classname="Tests.Unit.Modules.Request.Domain.RequestExceptionsTest" assertions="1" time="0.042165"/>
          <testcase name="it requires all request domain exceptions to extend RequestDomainException with data set &quot;('App\Modules\Request\Domain\Ex…eption') #4&quot;" file="tests\Unit\Modules\Request\Domain\RequestExceptionsTest.php::it requires all request domain exceptions to extend RequestDomainException with data set &quot;('App\Modules\Request\Domain\Ex…eption') #4&quot;" class="Tests\Unit\Modules\Request\Domain\RequestExceptionsTest" classname="Tests.Unit.Modules.Request.Domain.RequestExceptionsTest" assertions="1" time="0.034644"/>
          <testcase name="it requires all request domain exceptions to extend RequestDomainException with data set &quot;('App\Modules\Request\Domain\Ex…eption') #5&quot;" file="tests\Unit\Modules\Request\Domain\RequestExceptionsTest.php::it requires all request domain exceptions to extend RequestDomainException with data set &quot;('App\Modules\Request\Domain\Ex…eption') #5&quot;" class="Tests\Unit\Modules\Request\Domain\RequestExceptionsTest" classname="Tests.Unit.Modules.Request.Domain.RequestExceptionsTest" assertions="1" time="0.035976"/>
        </testsuite>
        <testcase name="it defines RequestDomainException as the abstract module base" file="tests\Unit\Modules\Request\Domain\RequestExceptionsTest.php::it defines RequestDomainException as the abstract module base" class="Tests\Unit\Modules\Request\Domain\RequestExceptionsTest" classname="Tests.Unit.Modules.Request.Domain.RequestExceptionsTest" assertions="1" time="0.038746"/>
        <testcase name="it carries eligibility reason codes on request not eligible exception" file="tests\Unit\Modules\Request\Domain\RequestExceptionsTest.php::it carries eligibility reason codes on request not eligible exception" class="Tests\Unit\Modules\Request\Domain\RequestExceptionsTest" classname="Tests.Unit.Modules.Request.Domain.RequestExceptionsTest" assertions="1" time="0.032666"/>
        <testcase name="it supports aggregate invariant messages on typed request exceptions" file="tests\Unit\Modules\Request\Domain\RequestExceptionsTest.php::it supports aggregate invariant messages on typed request exceptions" class="Tests\Unit\Modules\Request\Domain\RequestExceptionsTest" classname="Tests.Unit.Modules.Request.Domain.RequestExceptionsTest" assertions="3" time="0.025249"/>
      </testsuite>
      <testsuite name="Tests\Unit\Modules\Request\Domain\RequestStateTest" file="tests\Unit\Modules\Request\Domain\RequestStateTest.php" tests="7" assertions="15" errors="0" failures="0" skipped="0" time="0.177606">
        <testcase name="it registers r-07 approval-phase transitions on request state" file="tests\Unit\Modules\Request\Domain\RequestStateTest.php::it registers r-07 approval-phase transitions on request state" class="Tests\Unit\Modules\Request\Domain\RequestStateTest" classname="Tests.Unit.Modules.Request.Domain.RequestStateTest" assertions="9" time="0.038907"/>
        <testsuite name="it marks terminal request states" tests="6" assertions="6" errors="0" failures="0" skipped="0" time="0.138699">
          <testcase name="it marks terminal request states with data set &quot;dataset &quot;draft&quot;&quot;" file="tests\Unit\Modules\Request\Domain\RequestStateTest.php::it marks terminal request states with data set &quot;dataset &quot;draft&quot;&quot;" class="Tests\Unit\Modules\Request\Domain\RequestStateTest" classname="Tests.Unit.Modules.Request.Domain.RequestStateTest" assertions="1" time="0.021763"/>
[...]
        <testcase name="orchestration surfaces do not establish mutation authority" file="tests\Architecture\MutationSurfaceExposureAuditTest.php::orchestration surfaces do not establish mutation authority" class="Tests\Architecture\MutationSurfaceExposureAuditTest" classname="Tests.Architecture.MutationSurfaceExposureAuditTest" assertions="8" time="0.025337"/>
        <testcase name="pending CLI mutation commands map to pending actions only" file="tests\Architecture\MutationSurfaceExposureAuditTest.php::pending CLI mutation commands map to pending actions only" class="Tests\Architecture\MutationSurfaceExposureAuditTest" classname="Tests.Architecture.MutationSurfaceExposureAuditTest" assertions="3" time="0.026511"/>
        <testcase name="request livewire surfaces remain thin mutation entrypoints" file="tests\Architecture\MutationSurfaceExposureAuditTest.php::request livewire surfaces remain thin mutation entrypoints" class="Tests\Architecture\MutationSurfaceExposureAuditTest" classname="Tests.Architecture.MutationSurfaceExposureAuditTest" assertions="16" time="0.029420"/>
      </testsuite>
      <testsuite name="Tests\Architecture\NotificationBoundaryTest" file="tests\Architecture\NotificationBoundaryTest.php" tests="12" assertions="20" errors="0" failures="0" skipped="0" time="0.690681">
        <testcase name="notification module does not import request infrastructure" file="tests\Architecture\NotificationBoundaryTest.php::notification module does not import request infrastructure" class="Tests\Architecture\NotificationBoundaryTest" classname="Tests.Architecture.NotificationBoundaryTest" assertions="2" time="0.215173"/>
        <testcase name="notification module does not import lottery infrastructure" file="tests\Architecture\NotificationBoundaryTest.php::notification module does not import lottery infrastructure" class="Tests\Architecture\NotificationBoundaryTest" classname="Tests.Architecture.NotificationBoundaryTest" assertions="2" time="0.035037"/>
        <testcase name="notification module does not import allocation infrastructure" file="tests\Architecture\NotificationBoundaryTest.php::notification module does not import allocation infrastructure" class="Tests\Architecture\NotificationBoundaryTest" classname="Tests.Architecture.NotificationBoundaryTest" assertions="2" time="0.035898"/>
        <testcase name="notification module does not import voucher infrastructure" file="tests\Architecture\NotificationBoundaryTest.php::notification module does not import voucher infrastructure" class="Tests\Architecture\NotificationBoundaryTest" classname="Tests.Architecture.NotificationBoundaryTest" assertions="2" time="0.164523"/>
        <testcase name="notification module does not import check-in infrastructure" file="tests\Architecture\NotificationBoundaryTest.php::notification module does not import check-in infrastructure" class="Tests\Architecture\NotificationBoundaryTest" classname="Tests.Architecture.NotificationBoundaryTest" assertions="2" time="0.030157"/>
        <testcase name="notification module does not import request persistence models" file="tests\Architecture\NotificationBoundaryTest.php::notification module does not import request persistence models" class="Tests\Architecture\NotificationBoundaryTest" classname="Tests.Architecture.NotificationBoundaryTest" assertions="2" time="0.028261"/>
        <testcase name="notification module does not import lottery persistence models" file="tests\Architecture\NotificationBoundaryTest.php::notification module does not import lottery persistence models" class="Tests\Architecture\NotificationBoundaryTest" classname="Tests.Architecture.NotificationBoundaryTest" assertions="2" time="0.029188"/>
        <testcase name="notification module does not import allocation persistence models" file="tests\Architecture\NotificationBoundaryTest.php::notification module does not import allocation persistence models" class="Tests\Architecture\NotificationBoundaryTest" classname="Tests.Architecture.NotificationBoundaryTest" assertions="2" time="0.029322"/>
        <testcase name="notification module does not import voucher persistence models" file="tests\Architecture\NotificationBoundaryTest.php::notification module does not import voucher persistence models" class="Tests\Architecture\NotificationBoundaryTest" classname="Tests.Architecture.NotificationBoundaryTest" assertions="2" time="0.028864"/>
        <testcase name="notification module does not import check-in persistence models" file="tests\Architecture\NotificationBoundaryTest.php::notification module does not import check-in persistence models" class="Tests\Architecture\NotificationBoundaryTest" classname="Tests.Architecture.NotificationBoundaryTest" assertions="2" time="0.030411"/>
        <testcase name="notification delivery is bound to the module delivery contract" file="tests\Architecture\NotificationBoundaryTest.php::notification delivery is bound to the module delivery contract" class="Tests\Architecture\NotificationBoundaryTest" classname="Tests.Architecture.NotificationBoundaryTest" assertions="0" time="0.028445"/>
        <testcase name="notification inbox read depends only on notification contracts" file="tests\Architecture\NotificationBoundaryTest.php::notification inbox read depends only on notification contracts" class="Tests\Architecture\NotificationBoundaryTest" classname="Tests.Architecture.NotificationBoundaryTest" assertions="0" time="0.035402"/>
      </testsuite>
      <testsuite name="Tests\Architecture\ReportingBoundaryTest" file="tests\Architecture\ReportingBoundaryTest.php" tests="4" assertions="4" errors="0" failures="0" skipped="0" time="0.558160">
        <testcase name="reporting module does not import audit infrastructure" file="tests\Architecture\ReportingBoundaryTest.php::reporting module does not import audit infrastructure" class="Tests\Architecture\ReportingBoundaryTest" classname="Tests.Architecture.ReportingBoundaryTest" assertions="2" time="0.469273"/>
        <testcase name="reporting read contract is bound to the reporting read service" file="tests\Architecture\ReportingBoundaryTest.php::reporting read contract is bound to the reporting read service" class="Tests\Architecture\ReportingBoundaryTest" classname="Tests.Architecture.ReportingBoundaryTest" assertions="0" time="0.025001"/>
        <testcase name="reporting module does not reference audit history read contract directly" file="tests\Architecture\ReportingBoundaryTest.php::reporting module does not reference audit history read contract directly" class="Tests\Architecture\ReportingBoundaryTest" classname="Tests.Architecture.ReportingBoundaryTest" assertions="1" time="0.032688"/>
        <testcase name="reporting inner read actions do not reference audit authorization port directly" file="tests\Architecture\ReportingBoundaryTest.php::reporting inner read actions do not reference audit authorization port directly" class="Tests\Architecture\ReportingBoundaryTest" classname="Tests.Architecture.ReportingBoundaryTest" assertions="1" time="0.031198"/>
      </testsuite>
      <testsuite name="Tests\Architecture\RequestConsumerBoundaryTest" file="tests\Architecture\RequestConsumerBoundaryTest.php" tests="14" assertions="28" errors="0" failures="0" skipped="0" time="0.974630">
        <testcase name="request module does not import employee domain enums (spec03 isolation)" file="tests\Architecture\RequestConsumerBoundaryTest.php::request module does not import employee domain enums (spec03 isolation)" class="Tests\Architecture\RequestConsumerBoundaryTest" classname="Tests.Architecture.RequestConsumerBoundaryTest" assertions="2" time="0.570063"/>
        <testcase name="request module does not import employee infrastructure (BT-R05)" file="tests\Architecture\RequestConsumerBoundaryTest.php::request module does not import employee infrastructure (BT-R05)" class="Tests\Architecture\RequestConsumerBoundaryTest" classname="Tests.Architecture.RequestConsumerBoundaryTest" assertions="2" time="0.022639"/>
        <testcase name="request module does not import employee domain entities (BT-R05)" file="tests\Architecture\RequestConsumerBoundaryTest.php::request module does not import employee domain entities (BT-R05)" class="Tests\Architecture\RequestConsumerBoundaryTest" classname="Tests.Architecture.RequestConsumerBoundaryTest" assertions="2" time="0.030736"/>
        <testcase name="request module does not import employee persistence models (BT-R05)" file="tests\Architecture\RequestConsumerBoundaryTest.php::request module does not import employee persistence models (BT-R05)" class="Tests\Architecture\RequestConsumerBoundaryTest" classname="Tests.Architecture.RequestConsumerBoundaryTest" assertions="2" time="0.024993"/>
        <testcase name="request module does not import dormitory infrastructure (BT-R05)" file="tests\Architecture\RequestConsumerBoundaryTest.php::request module does not import dormitory infrastructure (BT-R05)" class="Tests\Architecture\RequestConsumerBoundaryTest" classname="Tests.Architecture.RequestConsumerBoundaryTest" assertions="2" time="0.025972"/>
        <testcase name="request module does not import allocation infrastructure (BT-R05)" file="tests\Architecture\RequestConsumerBoundaryTest.php::request module does not import allocation infrastructure (BT-R05)" class="Tests\Architecture\RequestConsumerBoundaryTest" classname="Tests.Architecture.RequestConsumerBoundaryTest" assertions="2" time="0.025016"/>
        <testcase name="request module does not import lottery infrastructure (BT-R05)" file="tests\Architecture\RequestConsumerBoundaryTest.php::request module does not import lottery infrastructure (BT-R05)" class="Tests\Architecture\RequestConsumerBoundaryTest" classname="Tests.Architecture.RequestConsumerBoundaryTest" assertions="2" time="0.029696"/>
        <testcase name="request application does not import employee domain (BT-R05)" file="tests\Architecture\RequestConsumerBoundaryTest.php::request application does not import employee domain (BT-R05)" class="Tests\Architecture\RequestConsumerBoundaryTest" classname="Tests.Architecture.RequestConsumerBoundaryTest" assertions="2" time="0.048147"/>
        <testcase name="request application does not import employee infrastructure (BT-R05)" file="tests\Architecture\RequestConsumerBoundaryTest.php::request application does not import employee infrastructure (BT-R05)" class="Tests\Architecture\RequestConsumerBoundaryTest" classname="Tests.Architecture.RequestConsumerBoundaryTest" assertions="2" time="0.058264"/>
        <testcase name="request domain does not import employee modules (BT-R05)" file="tests\Architecture\RequestConsumerBoundaryTest.php::request domain does not import employee modules (BT-R05)" class="Tests\Architecture\RequestConsumerBoundaryTest" classname="Tests.Architecture.RequestConsumerBoundaryTest" assertions="2" time="0.026200"/>
        <testcase name="request domain does not import dormitory modules (BT-R05)" file="tests\Architecture\RequestConsumerBoundaryTest.php::request domain does not import dormitory modules (BT-R05)" class="Tests\Architecture\RequestConsumerBoundaryTest" classname="Tests.Architecture.RequestConsumerBoundaryTest" assertions="2" time="0.025610"/>
        <testcase name="request domain does not import allocation modules (BT-R05)" file="tests\Architecture\RequestConsumerBoundaryTest.php::request domain does not import allocation modules (BT-R05)" class="Tests\Architecture\RequestConsumerBoundaryTest" classname="Tests.Architecture.RequestConsumerBoundaryTest" assertions="2" time="0.022489"/>
        <testcase name="request domain does not import lottery modules (BT-R05)" file="tests\Architecture\RequestConsumerBoundaryTest.php::request domain does not import lottery modules (BT-R05)" class="Tests\Architecture\RequestConsumerBoundaryTest" classname="Tests.Architecture.RequestConsumerBoundaryTest" assertions="2" time="0.033530"/>
        <testcase name="pending request read adapter implements only the employee read port (BT-R09 / OA-05-09)" file="tests\Architecture\RequestConsumerBoundaryTest.php::pending request read adapter implements only the employee read port (BT-R09 / OA-05-09)" class="Tests\Architecture\RequestConsumerBoundaryTest" classname="Tests.Architecture.RequestConsumerBoundaryTest" assertions="2" time="0.031274"/>
      </testsuite>
      <testsuite name="Tests\Architecture\ServiceProviderRegistrationTest" file="tests\Architecture\ServiceProviderRegistrationTest.php" tests="4" assertions="73" errors="0" failures="0" skipped="0" time="0.125176">
        <testcase name="each module has a service provider class" file="tests\Architecture\ServiceProviderRegistrationTest.php::each module has a service provider class" class="Tests\Architecture\ServiceProviderRegistrationTest" classname="Tests.Architecture.ServiceProviderRegistrationTest" assertions="12" time="0.030592"/>
        <testcase name="each module service provider is registered in bootstrap" file="tests\Architecture\ServiceProviderRegistrationTest.php::each module service provider is registered in bootstrap" class="Tests\Architecture\ServiceProviderRegistrationTest" classname="Tests.Architecture.ServiceProviderRegistrationTest" assertions="12" time="0.031469"/>
        <testcase name="each module service provider is bootable" file="tests\Architecture\ServiceProviderRegistrationTest.php::each module service provider is bootable" class="Tests\Architecture\ServiceProviderRegistrationTest" classname="Tests.Architecture.ServiceProviderRegistrationTest" assertions="1" time="0.029201"/>
        <testcase name="each module exposes the required layer directories" file="tests\Architecture\ServiceProviderRegistrationTest.php::each module exposes the required layer directories" class="Tests\Architecture\ServiceProviderRegistrationTest" classname="Tests.Architecture.ServiceProviderRegistrationTest" assertions="48" time="0.033913"/>
      </testsuite>
      <testsuite name="Tests\Architecture\VoucherBoundaryTest" file="tests\Architecture\VoucherBoundaryTest.php" tests="17" assertions="33" errors="0" failures="0" skipped="0" time="1.563248">
        <testcase name="voucher module does not import allocation infrastructure" file="tests\Architecture\VoucherBoundaryTest.php::voucher module does not import allocation infrastructure" class="Tests\Architecture\VoucherBoundaryTest" classname="Tests.Architecture.VoucherBoundaryTest" assertions="2" time="0.362949"/>
        <testcase name="voucher module does not import lottery infrastructure" file="tests\Architecture\VoucherBoundaryTest.php::voucher module does not import lottery infrastructure" class="Tests\Architecture\VoucherBoundaryTest" classname="Tests.Architecture.VoucherBoundaryTest" assertions="2" time="0.024964"/>
        <testcase name="voucher module does not import request infrastructure" file="tests\Architecture\VoucherBoundaryTest.php::voucher module does not import request infrastructure" class="Tests\Architecture\VoucherBoundaryTest" classname="Tests.Architecture.VoucherBoundaryTest" assertions="2" time="0.025408"/>
        <testcase name="voucher module does not import allocation persistence models" file="tests\Architecture\VoucherBoundaryTest.php::voucher module does not import allocation persistence models" class="Tests\Architecture\VoucherBoundaryTest" classname="Tests.Architecture.VoucherBoundaryTest" assertions="2" time="0.024103"/>
        <testcase name="voucher module does not import lottery persistence models" file="tests\Architecture\VoucherBoundaryTest.php::voucher module does not import lottery persistence models" class="Tests\Architecture\VoucherBoundaryTest" classname="Tests.Architecture.VoucherBoundaryTest" assertions="2" time="0.025248"/>
        <testcase name="voucher module does not import request persistence models (SC-005)" file="tests\Architecture\VoucherBoundaryTest.php::voucher module does not import request persistence models (SC-005)" class="Tests\Architecture\VoucherBoundaryTest" classname="Tests.Architecture.VoucherBoundaryTest" assertions="2" time="0.028002"/>
        <testcase name="voucher domain does not import lottery modules (R8)" file="tests\Architecture\VoucherBoundaryTest.php::voucher domain does not import lottery modules (R8)" class="Tests\Architecture\VoucherBoundaryTest" classname="Tests.Architecture.VoucherBoundaryTest" assertions="2" time="0.024973"/>
        <testcase name="voucher domain does not import allocation modules (R8)" file="tests\Architecture\VoucherBoundaryTest.php::voucher domain does not import allocation modules (R8)" class="Tests\Architecture\VoucherBoundaryTest" classname="Tests.Architecture.VoucherBoundaryTest" assertions="2" time="0.025016"/>
        <testcase name="voucher domain does not import request modules (R8)" file="tests\Architecture\VoucherBoundaryTest.php::voucher domain does not import request modules (R8)" class="Tests\Architecture\VoucherBoundaryTest" classname="Tests.Architecture.VoucherBoundaryTest" assertions="2" time="0.154818"/>
        <testcase name="voucher application does not import lottery command services (R8)" file="tests\Architecture\VoucherBoundaryTest.php::voucher application does not import lottery command services (R8)" class="Tests\Architecture\VoucherBoundaryTest" classname="Tests.Architecture.VoucherBoundaryTest" assertions="2" time="0.234817"/>
        <testcase name="voucher application does not import allocation command services (R8)" file="tests\Architecture\VoucherBoundaryTest.php::voucher application does not import allocation command services (R8)" class="Tests\Architecture\VoucherBoundaryTest" classname="Tests.Architecture.VoucherBoundaryTest" assertions="2" time="0.069064"/>
        <testcase name="voucher application does not import request command services (R8)" file="tests\Architecture\VoucherBoundaryTest.php::voucher application does not import request command services (R8)" class="Tests\Architecture\VoucherBoundaryTest" classname="Tests.Architecture.VoucherBoundaryTest" assertions="2" time="0.282593"/>
        <testcase name="voucher infrastructure does not import lottery domain layers (R8)" file="tests\Architecture\VoucherBoundaryTest.php::voucher infrastructure does not import lottery domain layers (R8)" class="Tests\Architecture\VoucherBoundaryTest" classname="Tests.Architecture.VoucherBoundaryTest" assertions="2" time="0.041470"/>
        <testcase name="voucher infrastructure does not import allocation domain layers (R8)" file="tests\Architecture\VoucherBoundaryTest.php::voucher infrastructure does not import allocation domain layers (R8)" class="Tests\Architecture\VoucherBoundaryTest" classname="Tests.Architecture.VoucherBoundaryTest" assertions="2" time="0.028273"/>
        <testcase name="voucher infrastructure does not import request domain layers (R8)" file="tests\Architecture\VoucherBoundaryTest.php::voucher infrastructure does not import request domain layers (R8)" class="Tests\Architecture\VoucherBoundaryTest" classname="Tests.Architecture.VoucherBoundaryTest" assertions="2" time="0.031473"/>
        <testcase name="voucher trigger intake contract is bound" file="tests\Architecture\VoucherBoundaryTest.php::voucher trigger intake contract is bound" class="Tests\Architecture\VoucherBoundaryTest" classname="Tests.Architecture.VoucherBoundaryTest" assertions="1" time="0.031518"/>
        <testcase name="voucher read service depends only on voucher read repository (CD-017)" file="tests\Architecture\VoucherBoundaryTest.php::voucher read service depends only on voucher read repository (CD-017)" class="Tests\Architecture\VoucherBoundaryTest" classname="Tests.Architecture.VoucherBoundaryTest" assertions="2" time="0.148558"/>
      </testsuite>
    </testsuite>
  </testsuite>
</testsuites>
